Using pre-set license
Built from '2021.1/staging' branch; Version is '2021.1.6f1 (c0fade0cc7e9) revision 12647134'; Using compiler version '192528614'; Build Type 'Release'
OS: 'Windows 10 Pro; OS build 19045.2486; Version 2009; 64bit' Language: 'ru' Physical Memory: 7805 MB
BatchMode: 1, IsHumanControllingUs: 0, StartBugReporterOnCrash: 0, Is64bit: 1, IsPro: 0

 COMMAND LINE ARGUMENTS:
C:\Program Files\Unity 2021.1.6f1\Editor\Unity.exe
-adb2
-batchMode
-noUpm
-name
AssetImportWorker20
-projectPath
G:/Учеба/C#/Unity задачи/Game2D
-logFile
Logs/AssetImportWorker20.log
-srvPort
50898
Successfully changed project path to: G:/Учеба/C#/Unity задачи/Game2D
G:/Учеба/C#/Unity задачи/Game2D
Using Asset Import Pipeline V2.
Refreshing native plugins compatible for Editor in 897.74 ms, found 2 plugins.
Preloading 0 native plugins for Editor in 0.00 ms.
Initialize engine version: 2021.1.6f1 (c0fade0cc7e9)
[Subsystems] Discovering subsystems at path C:/Program Files/Unity 2021.1.6f1/Editor/Data/Resources/UnitySubsystems
[Subsystems] Discovering subsystems at path G:/Учеба/C#/Unity задачи/Game2D/Assets
GfxDevice: creating device client; threaded=0; jobified=0
Direct3D:
    Version:  Direct3D 11.0 [level 11.0]
    Renderer: Intel(R) HD Graphics (ID=0x156)
    Vendor:   Intel
    VRAM:     128 MB
    Driver:   10.18.10.5161
Initialize mono
Mono path[0] = 'C:/Program Files/Unity 2021.1.6f1/Editor/Data/Managed'
Mono path[1] = 'C:/Program Files/Unity 2021.1.6f1/Editor/Data/MonoBleedingEdge/lib/mono/unityjit'
Mono config path = 'C:/Program Files/Unity 2021.1.6f1/Editor/Data/MonoBleedingEdge/etc'
Using monoOptions --debugger-agent=transport=dt_socket,embedding=1,server=y,suspend=n,address=127.0.0.1:56384
Begin MonoManager ReloadAssembly
Registering precompiled unity dll's ...
Register platform support module: C:/Program Files/Unity 2021.1.6f1/Editor/Data/PlaybackEngines/WindowsStandaloneSupport/UnityEditor.WindowsStandalone.Extensions.dll
Registered in 0.043990 seconds.
Native extension for WindowsStandalone target not found
Refreshing native plugins compatible for Editor in 747.64 ms, found 2 plugins.
Preloading 0 native plugins for Editor in 0.00 ms.
Mono: successfully reloaded assembly
- Completed reload, in  6.553 seconds
Platform modules already initialized, skipping
Registering precompiled user dll's ...
Registered in 0.009728 seconds.
Begin MonoManager ReloadAssembly
Native extension for WindowsStandalone target not found
Refreshing native plugins compatible for Editor in 461.62 ms, found 2 plugins.
Preloading 0 native plugins for Editor in 0.00 ms.
Mono: successfully reloaded assembly
- Completed reload, in  5.490 seconds
Platform modules already initialized, skipping
========================================================================
Worker process is ready to serve import requests
Launched and connected shader compiler UnityShaderCompiler.exe after 0.28 seconds
Refreshing native plugins compatible for Editor in 1.05 ms, found 2 plugins.
Preloading 0 native plugins for Editor in 0.00 ms.
Unloading 3372 Unused Serialized files (Serialized files now loaded: 0)
System memory in use before: 128.2 MB.
System memory in use after: 128.3 MB.

Unloading 29 unused Assets to reduce memory usage. Loaded Objects now: 3827.
Total: 5.464500 ms (FindLiveObjects: 0.560300 ms CreateObjectMapping: 0.489300 ms MarkObjects: 4.196100 ms  DeleteObjects: 0.214900 ms)

========================================================================
Received Import Request.
  path: Assets/Scripts/Jump.cs
  artifactKey: Guid(e4915cf08eec2e741a2a5154394923a4) Importer(815301076,1909f56bfc062723c751e8b465ee728b)
Start importing Assets/Scripts/Jump.cs using Guid(e4915cf08eec2e741a2a5154394923a4) Importer(815301076,1909f56bfc062723c751e8b465ee728b)  -> (artifact id: '4f5c59e6d0f541f8e8c9e76d302e93c7') in 0.081395 seconds 
========================================================================
Received Import Request.
  Time since last request: 570.053861 seconds.
  path: Assets/2DBirds_Pack3/Spritesheets
  artifactKey: Guid(b5ec94d68b4dade4987f06b5777eabd3) Importer(815301076,1909f56bfc062723c751e8b465ee728b)
Start importing Assets/2DBirds_Pack3/Spritesheets using Guid(b5ec94d68b4dade4987f06b5777eabd3) Importer(815301076,1909f56bfc062723c751e8b465ee728b)  -> (artifact id: '1cddbbfc85403376580a6f2ba9ce7aa5') in 1.790586 seconds 
========================================================================
Received Import Request.
  Time since last request: 2.133762 seconds.
  path: Assets/2DBirds_Pack3/Spritesheets/Bird1
  artifactKey: Guid(4ef26ef06518f22409783f5b0017f8ed) Importer(815301076,1909f56bfc062723c751e8b465ee728b)
Start importing Assets/2DBirds_Pack3/Spritesheets/Bird1 using Guid(4ef26ef06518f22409783f5b0017f8ed) Importer(815301076,1909f56bfc062723c751e8b465ee728b)  -> (artifact id: '05cf8bd0612d59a71f4851aa75586240') in 0.012620 seconds 
========================================================================
Received Import Request.
  Time since last request: 0.000424 seconds.
  path: Assets/2DBirds_Pack3/Spritesheets/Bird1/B1 Red Sheet.png
  artifactKey: Guid(17c558ddb31742c42894aa507b18c308) Importer(815301076,1909f56bfc062723c751e8b465ee728b)
Start importing Assets/2DBirds_Pack3/Spritesheets/Bird1/B1 Red Sheet.png using Guid(17c558ddb31742c42894aa507b18c308) Importer(815301076,1909f56bfc062723c751e8b465ee728b)  -> (artifact id: '6eb6491e1cae91db3fa845550fc0e6a9') in 1.968259 seconds 
========================================================================
Received Import Request.
  Time since last request: 0.001995 seconds.
  path: Assets/2DBirds_Pack3/Spritesheets/Bird1/Bird1 Blue.png
  artifactKey: Guid(0c6b4087be1c8984989b77955f1cc287) Importer(815301076,1909f56bfc062723c751e8b465ee728b)
Start importing Assets/2DBirds_Pack3/Spritesheets/Bird1/Bird1 Blue.png using Guid(0c6b4087be1c8984989b77955f1cc287) Importer(815301076,1909f56bfc062723c751e8b465ee728b)  -> (artifact id: '8fdd3a77f0c94b91fa4b171c4b75dcd4') in 1.114033 seconds 
========================================================================
Received Import Request.
  Time since last request: 0.000442 seconds.
  path: Assets/2DBirds_Pack3/Spritesheets/Bird2/Bird3.png
  artifactKey: Guid(11fa604a619fc47459a93991335e128a) Importer(815301076,1909f56bfc062723c751e8b465ee728b)
Start importing Assets/2DBirds_Pack3/Spritesheets/Bird2/Bird3.png using Guid(11fa604a619fc47459a93991335e128a) Importer(815301076,1909f56bfc062723c751e8b465ee728b)  -> (artifact id: '25f29ddef86773856a5cb0e13b108a47') in 0.625500 seconds 
========================================================================
Received Import Request.
  Time since last request: 0.000427 seconds.
  path: Assets/2DBirds_Pack3/Spritesheets/Bird2
  artifactKey: Guid(5086f0eae9c1a7149b5b93e32d6a13e1) Importer(815301076,1909f56bfc062723c751e8b465ee728b)
Start importing Assets/2DBirds_Pack3/Spritesheets/Bird2 using Guid(5086f0eae9c1a7149b5b93e32d6a13e1) Importer(815301076,1909f56bfc062723c751e8b465ee728b)  -> (artifact id: '7a6e2506b24f627a98e2fefc55808ffe') in 0.068112 seconds 
========================================================================
Received Import Request.
  Time since last request: 0.000664 seconds.
  path: Assets/2DBirds_Pack3/Spritesheets/Bird2/Bird 2 Blue.png
  artifactKey: Guid(b2aa4dabd5098a44d9db709d0d3c77f6) Importer(815301076,1909f56bfc062723c751e8b465ee728b)
Start importing Assets/2DBirds_Pack3/Spritesheets/Bird2/Bird 2 Blue.png using Guid(b2aa4dabd5098a44d9db709d0d3c77f6) Importer(815301076,1909f56bfc062723c751e8b465ee728b)  -> (artifact id: '9e70f73c1e48a8fa7abacc5767d8d392') in 0.765306 seconds 
========================================================================
Received Import Request.
  Time since last request: 0.000483 seconds.
  path: Assets/2DBirds_Pack3/Spritesheets/Bird4
  artifactKey: Guid(cd5784277770d7741b0009d76d1ff2c0) Importer(815301076,1909f56bfc062723c751e8b465ee728b)
Start importing Assets/2DBirds_Pack3/Spritesheets/Bird4 using Guid(cd5784277770d7741b0009d76d1ff2c0) Importer(815301076,1909f56bfc062723c751e8b465ee728b)  -> (artifact id: '5672ab798efa7d6cf9d4d4bf215eb490') in 0.024736 seconds 
========================================================================
Received Import Request.
  Time since last request: 0.061605 seconds.
  path: Assets/2DBirds_Pack3/Spritesheets/Bird4/Bird 4 Yellow.png
  artifactKey: Guid(564918fc2b04dd64aa99ffe8c6dac7e6) Importer(815301076,1909f56bfc062723c751e8b465ee728b)
Start importing Assets/2DBirds_Pack3/Spritesheets/Bird4/Bird 4 Yellow.png using Guid(564918fc2b04dd64aa99ffe8c6dac7e6) Importer(815301076,1909f56bfc062723c751e8b465ee728b)  -> (artifact id: '91ec5b6aede5db12bc2358050d1425ce') in 0.508459 seconds 
========================================================================
Received Import Request.
  Time since last request: 0.000420 seconds.
  path: Assets/2DBirds_Pack3/Spritesheets/Bird2/Bird2 Black.png
  artifactKey: Guid(2366eae9f40af86419045ff062bfad24) Importer(815301076,1909f56bfc062723c751e8b465ee728b)
Start importing Assets/2DBirds_Pack3/Spritesheets/Bird2/Bird2 Black.png using Guid(2366eae9f40af86419045ff062bfad24) Importer(815301076,1909f56bfc062723c751e8b465ee728b)  -> (artifact id: '62991c64e461b568ba147e0ef0375e86') in 0.920051 seconds 
========================================================================
Received Import Request.
  Time since last request: 0.000673 seconds.
  path: Assets/2DBirds_Pack3/Spritesheets/Bird4/Bird4.png
  artifactKey: Guid(126aba50ddd39ea4fa90c5a9780c8549) Importer(815301076,1909f56bfc062723c751e8b465ee728b)
Start importing Assets/2DBirds_Pack3/Spritesheets/Bird4/Bird4.png using Guid(126aba50ddd39ea4fa90c5a9780c8549) Importer(815301076,1909f56bfc062723c751e8b465ee728b)  -> (artifact id: '5a23004d00a5eae8797da6b914d4c2ba') in 1.730334 seconds 
========================================================================
Received Import Request.
  Time since last request: 0.000493 seconds.
  path: Assets/2DBirds_Pack3/Spritesheets/Bird4/Bird 4 Pink.png
  artifactKey: Guid(809d683ae5d36894fae4f73ea22b34b2) Importer(815301076,1909f56bfc062723c751e8b465ee728b)
Start importing Assets/2DBirds_Pack3/Spritesheets/Bird4/Bird 4 Pink.png using Guid(809d683ae5d36894fae4f73ea22b34b2) Importer(815301076,1909f56bfc062723c751e8b465ee728b)  -> (artifact id: 'fd96283926e3af29ffc0bd31fe389bc0') in 0.726571 seconds 
========================================================================
Received Import Request.
  Time since last request: 0.000445 seconds.
  path: Assets/2DBirds_Pack3/Spritesheets/Bird1/Bird 1 Pink.png
  artifactKey: Guid(9176962214b43bc45ae68c2f7bc7b380) Importer(815301076,1909f56bfc062723c751e8b465ee728b)
Start importing Assets/2DBirds_Pack3/Spritesheets/Bird1/Bird 1 Pink.png using Guid(9176962214b43bc45ae68c2f7bc7b380) Importer(815301076,1909f56bfc062723c751e8b465ee728b)  -> (artifact id: '66a653a97b9b5834e0e0298d66dd3f1a') in 1.973897 seconds 
========================================================================
Received Import Request.
  Time since last request: 6.890592 seconds.
  path: Assets/2DBirds_Pack3/Prefabs
  artifactKey: Guid(9816059ce2063494082f6a6699d616f9) Importer(815301076,1909f56bfc062723c751e8b465ee728b)
Start importing Assets/2DBirds_Pack3/Prefabs using Guid(9816059ce2063494082f6a6699d616f9) Importer(815301076,1909f56bfc062723c751e8b465ee728b)  -> (artifact id: 'cc312e3a9fa98564f329f5880c660704') in 0.063008 seconds 
========================================================================
Received Import Request.
  Time since last request: 1.020190 seconds.
  path: Assets/2DBirds_Pack3/Prefabs/Bird2
  artifactKey: Guid(a265fa6c34d5afd4a89b30baf551d409) Importer(815301076,1909f56bfc062723c751e8b465ee728b)
Start importing Assets/2DBirds_Pack3/Prefabs/Bird2 using Guid(a265fa6c34d5afd4a89b30baf551d409) Importer(815301076,1909f56bfc062723c751e8b465ee728b)  -> (artifact id: '9e7fdcbc4286a3f3975e11b3a7db02c2') in 0.031033 seconds 
========================================================================
Received Import Request.
  Time since last request: 0.000429 seconds.
  path: Assets/2DBirds_Pack3/Prefabs/Bird2/B2 Red_0.prefab
  artifactKey: Guid(c1185450092fbfe4dafabb415f471213) Importer(815301076,1909f56bfc062723c751e8b465ee728b)
Start importing Assets/2DBirds_Pack3/Prefabs/Bird2/B2 Red_0.prefab using Guid(c1185450092fbfe4dafabb415f471213) Importer(815301076,1909f56bfc062723c751e8b465ee728b)  -> (artifact id: 'faea7caa01297de43ceaae621472c600') in 0.646088 seconds 
========================================================================
Received Import Request.
  Time since last request: 0.000881 seconds.
  path: Assets/2DBirds_Pack3/Prefabs/Bird2/Bird 2 Blue_0.prefab
  artifactKey: Guid(05a02c25443fde64ea31ba08a2616588) Importer(815301076,1909f56bfc062723c751e8b465ee728b)
Start importing Assets/2DBirds_Pack3/Prefabs/Bird2/Bird 2 Blue_0.prefab using Guid(05a02c25443fde64ea31ba08a2616588) Importer(815301076,1909f56bfc062723c751e8b465ee728b)  -> (artifact id: '511d36941413bb202992348beef08ff1') in 0.260665 seconds 
========================================================================
Received Import Request.
  Time since last request: 0.001882 seconds.
  path: Assets/2DBirds_Pack3/Prefabs/Bird2/Bird2 Black_0.prefab
  artifactKey: Guid(c612ff6b6633e3e4881d5675668d8d5a) Importer(815301076,1909f56bfc062723c751e8b465ee728b)
Start importing Assets/2DBirds_Pack3/Prefabs/Bird2/Bird2 Black_0.prefab using Guid(c612ff6b6633e3e4881d5675668d8d5a) Importer(815301076,1909f56bfc062723c751e8b465ee728b)  -> (artifact id: '316c599b9be8d060ba8a5e6d519f7256') in 0.153643 seconds 
========================================================================
Received Import Request.
  Time since last request: 1.335044 seconds.
  path: Assets/2DBirds_Pack3/Animations
  artifactKey: Guid(4b99c93580f5cc34fb59d253a4e34563) Importer(815301076,1909f56bfc062723c751e8b465ee728b)
Start importing Assets/2DBirds_Pack3/Animations using Guid(4b99c93580f5cc34fb59d253a4e34563) Importer(815301076,1909f56bfc062723c751e8b465ee728b)  -> (artifact id: 'ebce4dc7fb063cd31370391ae87c8b4c') in 0.034525 seconds 
========================================================================
Received Import Request.
  Time since last request: 1.427081 seconds.
  path: Assets/2DBirds_Pack3/Animations/Bird1
  artifactKey: Guid(ae0516dc974c5a143a6e6c9b94120d00) Importer(815301076,1909f56bfc062723c751e8b465ee728b)
Start importing Assets/2DBirds_Pack3/Animations/Bird1 using Guid(ae0516dc974c5a143a6e6c9b94120d00) Importer(815301076,1909f56bfc062723c751e8b465ee728b)  -> (artifact id: '4f86f2695e1b145ee0bbbdc4141d42c3') in 0.041551 seconds 
========================================================================
Received Import Request.
  Time since last request: 2.736395 seconds.
  path: Assets/2DBirds_Pack3/Documentation 1
  artifactKey: Guid(1362171d37f732e419d9f89fb2bc64fe) Importer(815301076,1909f56bfc062723c751e8b465ee728b)
Start importing Assets/2DBirds_Pack3/Documentation 1 using Guid(1362171d37f732e419d9f89fb2bc64fe) Importer(815301076,1909f56bfc062723c751e8b465ee728b)  -> (artifact id: 'a24898a39cb890b5ef1d6aa702b67ae7') in 0.007457 seconds 
========================================================================
Received Import Request.
  Time since last request: 2.633049 seconds.
  path: Assets/2DBirds_Pack3/Spritesheets/Bird5
  artifactKey: Guid(b60f6107bdc2c7c4f8385f9158a7013b) Importer(815301076,1909f56bfc062723c751e8b465ee728b)
Start importing Assets/2DBirds_Pack3/Spritesheets/Bird5 using Guid(b60f6107bdc2c7c4f8385f9158a7013b) Importer(815301076,1909f56bfc062723c751e8b465ee728b)  -> (artifact id: '0a48b9677f3244441943ab6537fc4dec') in 0.010384 seconds 
========================================================================
Received Import Request.
  Time since last request: 0.001233 seconds.
  path: Assets/2DBirds_Pack3/Spritesheets/Bird5/Bird 5 Green.png
  artifactKey: Guid(e26a2c05e27d57549a953cfe91b2745c) Importer(815301076,1909f56bfc062723c751e8b465ee728b)
Start importing Assets/2DBirds_Pack3/Spritesheets/Bird5/Bird 5 Green.png using Guid(e26a2c05e27d57549a953cfe91b2745c) Importer(815301076,1909f56bfc062723c751e8b465ee728b)  -> (artifact id: 'fd74d83b8f6ea03c6be7d067dd3b647a') in 0.726775 seconds 
========================================================================
Received Import Request.
  Time since last request: 0.000557 seconds.
  path: Assets/2DBirds_Pack3/Spritesheets/Bird5/Bird 5 Black.png
  artifactKey: Guid(5e0aa399db300624a81bd41ec10cbd1b) Importer(815301076,1909f56bfc062723c751e8b465ee728b)
Start importing Assets/2DBirds_Pack3/Spritesheets/Bird5/Bird 5 Black.png using Guid(5e0aa399db300624a81bd41ec10cbd1b) Importer(815301076,1909f56bfc062723c751e8b465ee728b)  -> (artifact id: '15f8d04fa08c426a92fe12e341007464') in 0.793745 seconds 
========================================================================
Received Import Request.
  Time since last request: 0.001095 seconds.
  path: Assets/2DBirds_Pack3/Spritesheets/Bird5/Bird 5 Pink.png
  artifactKey: Guid(76bc3bf21b5e15b42bb9e34982fcfcc6) Importer(815301076,1909f56bfc062723c751e8b465ee728b)
Start importing Assets/2DBirds_Pack3/Spritesheets/Bird5/Bird 5 Pink.png using Guid(76bc3bf21b5e15b42bb9e34982fcfcc6) Importer(815301076,1909f56bfc062723c751e8b465ee728b)  -> (artifact id: '7d7891c98878c6df2a31f24b38c24afc') in 0.539329 seconds 
========================================================================
Received Import Request.
  Time since last request: 0.002162 seconds.
  path: Assets/2DBirds_Pack3/Spritesheets/Bird5/Bird5.png
  artifactKey: Guid(4d317856f30ef4b4185a6f00252948c0) Importer(815301076,1909f56bfc062723c751e8b465ee728b)
Start importing Assets/2DBirds_Pack3/Spritesheets/Bird5/Bird5.png using Guid(4d317856f30ef4b4185a6f00252948c0) Importer(815301076,1909f56bfc062723c751e8b465ee728b)  -> (artifact id: 'd549f1d171cbff3ac24644fb937bed96') in 1.019537 seconds 
========================================================================
Received Import Request.
  Time since last request: 125.665376 seconds.
  path: Assets/Sprites
  artifactKey: Guid(1d2d5a862c947134f816042da5ab9de7) Importer(815301076,1909f56bfc062723c751e8b465ee728b)
Start importing Assets/Sprites using Guid(1d2d5a862c947134f816042da5ab9de7) Importer(815301076,1909f56bfc062723c751e8b465ee728b)  -> (artifact id: 'b591cfd86b419b2558ce6cb2a8103293') in 0.045680 seconds 
========================================================================
Received Import Request.
  Time since last request: 0.005318 seconds.
  path: Assets/Scenes
  artifactKey: Guid(f470915ba75db234bb1d64fcb91b372c) Importer(815301076,1909f56bfc062723c751e8b465ee728b)
Start importing Assets/Scenes using Guid(f470915ba75db234bb1d64fcb91b372c) Importer(815301076,1909f56bfc062723c751e8b465ee728b)  -> (artifact id: 'cdf139eaea2fe8b12af9ed1e9dec6db4') in 0.085276 seconds 
========================================================================
Received Prepare
Registering precompiled user dll's ...
Registered in 0.273599 seconds.
Begin MonoManager ReloadAssembly
Native extension for WindowsStandalone target not found
Refreshing native plugins compatible for Editor in 9.24 ms, found 2 plugins.
Preloading 0 native plugins for Editor in 0.00 ms.
Mono: successfully reloaded assembly
- Completed reload, in 40.091 seconds
Platform modules already initialized, skipping
Refreshing native plugins compatible for Editor in 1.57 ms, found 2 plugins.
Preloading 0 native plugins for Editor in 0.00 ms.
Unloading 3380 Unused Serialized files (Serialized files now loaded: 0)
System memory in use before: 348.5 MB.
System memory in use after: 348.6 MB.

Unloading 17 unused Assets to reduce memory usage. Loaded Objects now: 4037.
Total: 9.823400 ms (FindLiveObjects: 3.217500 ms CreateObjectMapping: 1.979100 ms MarkObjects: 4.443300 ms  DeleteObjects: 0.180600 ms)

========================================================================
Received Prepare
Registering precompiled user dll's ...
Registered in 0.008836 seconds.
Begin MonoManager ReloadAssembly
Native extension for WindowsStandalone target not found
Refreshing native plugins compatible for Editor in 1.65 ms, found 2 plugins.
Preloading 0 native plugins for Editor in 0.00 ms.
Mono: successfully reloaded assembly
- Completed reload, in 23.652 seconds
Platform modules already initialized, skipping
Refreshing native plugins compatible for Editor in 1.09 ms, found 2 plugins.
Preloading 0 native plugins for Editor in 0.00 ms.
Unloading 3367 Unused Serialized files (Serialized files now loaded: 0)
System memory in use before: 348.0 MB.
System memory in use after: 348.1 MB.

Unloading 17 unused Assets to reduce memory usage. Loaded Objects now: 4041.
Total: 47.255700 ms (FindLiveObjects: 0.936700 ms CreateObjectMapping: 4.392100 ms MarkObjects: 41.747800 ms  DeleteObjects: 0.176000 ms)

========================================================================
Received Prepare
Registering precompiled user dll's ...
Registered in 0.047589 seconds.
Begin MonoManager ReloadAssembly
Native extension for WindowsStandalone target not found
Refreshing native plugins compatible for Editor in 2.49 ms, found 2 plugins.
Preloading 0 native plugins for Editor in 0.00 ms.
Mono: successfully reloaded assembly
- Completed reload, in  6.143 seconds
Platform modules already initialized, skipping
Refreshing native plugins compatible for Editor in 1.08 ms, found 2 plugins.
Preloading 0 native plugins for Editor in 0.00 ms.
Unloading 3367 Unused Serialized files (Serialized files now loaded: 0)
System memory in use before: 348.1 MB.
System memory in use after: 348.2 MB.

Unloading 17 unused Assets to reduce memory usage. Loaded Objects now: 4045.
Total: 6.859700 ms (FindLiveObjects: 1.258800 ms CreateObjectMapping: 0.496200 ms MarkObjects: 4.925300 ms  DeleteObjects: 0.176500 ms)

========================================================================
Received Prepare
Registering precompiled user dll's ...
Registered in 0.307454 seconds.
Begin MonoManager ReloadAssembly
Native extension for WindowsStandalone target not found
Refreshing native plugins compatible for Editor in 1.05 ms, found 2 plugins.
Preloading 0 native plugins for Editor in 0.00 ms.
Mono: successfully reloaded assembly
- Completed reload, in  6.203 seconds
Platform modules already initialized, skipping
Refreshing native plugins compatible for Editor in 1.83 ms, found 2 plugins.
Preloading 0 native plugins for Editor in 0.00 ms.
Unloading 3367 Unused Serialized files (Serialized files now loaded: 0)
System memory in use before: 348.1 MB.
System memory in use after: 348.2 MB.

Unloading 17 unused Assets to reduce memory usage. Loaded Objects now: 4049.
Total: 4.769000 ms (FindLiveObjects: 0.453300 ms CreateObjectMapping: 0.371200 ms MarkObjects: 3.729700 ms  DeleteObjects: 0.211800 ms)

========================================================================
Received Prepare
Registering precompiled user dll's ...
Registered in 0.081199 seconds.
Begin MonoManager ReloadAssembly
Native extension for WindowsStandalone target not found
Refreshing native plugins compatible for Editor in 1.04 ms, found 2 plugins.
Preloading 0 native plugins for Editor in 0.00 ms.
Mono: successfully reloaded assembly
- Completed reload, in  6.346 seconds
Platform modules already initialized, skipping
Refreshing native plugins compatible for Editor in 1.22 ms, found 2 plugins.
Preloading 0 native plugins for Editor in 0.00 ms.
Unloading 3367 Unused Serialized files (Serialized files now loaded: 0)
System memory in use before: 348.1 MB.
System memory in use after: 348.2 MB.

Unloading 17 unused Assets to reduce memory usage. Loaded Objects now: 4053.
Total: 5.564800 ms (FindLiveObjects: 0.574500 ms CreateObjectMapping: 0.479500 ms MarkObjects: 4.322400 ms  DeleteObjects: 0.184700 ms)

========================================================================
Received Prepare
Registering precompiled user dll's ...
Registered in 0.006567 seconds.
Begin MonoManager ReloadAssembly
Native extension for WindowsStandalone target not found
Refreshing native plugins compatible for Editor in 2.16 ms, found 2 plugins.
Preloading 0 native plugins for Editor in 0.00 ms.
Mono: successfully reloaded assembly
- Completed reload, in  6.053 seconds
Platform modules already initialized, skipping
Refreshing native plugins compatible for Editor in 1.27 ms, found 2 plugins.
Preloading 0 native plugins for Editor in 0.00 ms.
Unloading 3367 Unused Serialized files (Serialized files now loaded: 0)
System memory in use before: 348.1 MB.
System memory in use after: 348.2 MB.

Unloading 17 unused Assets to reduce memory usage. Loaded Objects now: 4057.
Total: 9.940500 ms (FindLiveObjects: 1.431400 ms CreateObjectMapping: 3.410100 ms MarkObjects: 4.905400 ms  DeleteObjects: 0.190700 ms)

========================================================================
Received Prepare
Registering precompiled user dll's ...
Registered in 0.014528 seconds.
Begin MonoManager ReloadAssembly
Native extension for WindowsStandalone target not found
Refreshing native plugins compatible for Editor in 1.24 ms, found 2 plugins.
Preloading 0 native plugins for Editor in 0.00 ms.
Mono: successfully reloaded assembly
- Completed reload, in 16.992 seconds
Platform modules already initialized, skipping
Refreshing native plugins compatible for Editor in 9.12 ms, found 2 plugins.
Preloading 0 native plugins for Editor in 0.00 ms.
Unloading 3367 Unused Serialized files (Serialized files now loaded: 0)
System memory in use before: 348.2 MB.
System memory in use after: 348.3 MB.

Unloading 17 unused Assets to reduce memory usage. Loaded Objects now: 4061.
Total: 17.458800 ms (FindLiveObjects: 0.998300 ms CreateObjectMapping: 10.233200 ms MarkObjects: 5.890300 ms  DeleteObjects: 0.332800 ms)

========================================================================
Received Import Request.
  Time since last request: 8114.143890 seconds.
  path: Assets/2DBirds_Pack3/Animations/Bird2/B2 Red_0.controller
  artifactKey: Guid(146e32bee62766e40b6e8e34bba8339e) Importer(815301076,1909f56bfc062723c751e8b465ee728b)
Start importing Assets/2DBirds_Pack3/Animations/Bird2/B2 Red_0.controller using Guid(146e32bee62766e40b6e8e34bba8339e) Importer(815301076,1909f56bfc062723c751e8b465ee728b)  -> (artifact id: '19d138746bb748bf8bc0a2b4c96fc6f0') in 0.147449 seconds 
========================================================================
Received Import Request.
  Time since last request: 0.014681 seconds.
  path: Assets/2DBirds_Pack3/Animations/Bird2
  artifactKey: Guid(2c1f778185952dc48baa84df8dffaed8) Importer(815301076,1909f56bfc062723c751e8b465ee728b)
Start importing Assets/2DBirds_Pack3/Animations/Bird2 using Guid(2c1f778185952dc48baa84df8dffaed8) Importer(815301076,1909f56bfc062723c751e8b465ee728b)  -> (artifact id: '5844e334fb75a33ca010d2b39133d956') in 0.010713 seconds 
========================================================================
Received Prepare
Registering precompiled user dll's ...
Registered in 0.786197 seconds.
Begin MonoManager ReloadAssembly
Native extension for WindowsStandalone target not found
Refreshing native plugins compatible for Editor in 2.43 ms, found 2 plugins.
Preloading 0 native plugins for Editor in 0.00 ms.
Mono: successfully reloaded assembly
- Completed reload, in  7.785 seconds
Platform modules already initialized, skipping
Refreshing native plugins compatible for Editor in 7.58 ms, found 2 plugins.
Preloading 0 native plugins for Editor in 0.00 ms.
Unloading 3367 Unused Serialized files (Serialized files now loaded: 0)
System memory in use before: 348.2 MB.
System memory in use after: 348.3 MB.

Unloading 17 unused Assets to reduce memory usage. Loaded Objects now: 4065.
Total: 5.106000 ms (FindLiveObjects: 0.462600 ms CreateObjectMapping: 0.401300 ms MarkObjects: 3.820500 ms  DeleteObjects: 0.417500 ms)

========================================================================
Received Prepare
Registering precompiled user dll's ...
Registered in 0.014515 seconds.
Begin MonoManager ReloadAssembly
Native extension for WindowsStandalone target not found
Refreshing native plugins compatible for Editor in 1.07 ms, found 2 plugins.
Preloading 0 native plugins for Editor in 0.00 ms.
Mono: successfully reloaded assembly
- Completed reload, in  6.229 seconds
Platform modules already initialized, skipping
Refreshing native plugins compatible for Editor in 1.13 ms, found 2 plugins.
Preloading 0 native plugins for Editor in 0.00 ms.
Unloading 3367 Unused Serialized files (Serialized files now loaded: 0)
System memory in use before: 348.2 MB.
System memory in use after: 348.3 MB.

Unloading 17 unused Assets to reduce memory usage. Loaded Objects now: 4069.
Total: 11.684600 ms (FindLiveObjects: 0.435400 ms CreateObjectMapping: 0.391900 ms MarkObjects: 10.559700 ms  DeleteObjects: 0.294400 ms)

========================================================================
Received Prepare
Registering precompiled user dll's ...
Registered in 0.112641 seconds.
Begin MonoManager ReloadAssembly
Native extension for WindowsStandalone target not found
Refreshing native plugins compatible for Editor in 1.55 ms, found 2 plugins.
Preloading 0 native plugins for Editor in 0.00 ms.
Mono: successfully reloaded assembly
- Completed reload, in  6.096 seconds
Platform modules already initialized, skipping
Refreshing native plugins compatible for Editor in 1.04 ms, found 2 plugins.
Preloading 0 native plugins for Editor in 0.00 ms.
Unloading 3367 Unused Serialized files (Serialized files now loaded: 0)
System memory in use before: 348.2 MB.
System memory in use after: 348.3 MB.

Unloading 17 unused Assets to reduce memory usage. Loaded Objects now: 4073.
Total: 6.100900 ms (FindLiveObjects: 0.460600 ms CreateObjectMapping: 0.389300 ms MarkObjects: 4.088200 ms  DeleteObjects: 1.159500 ms)

========================================================================
Received Prepare
Registering precompiled user dll's ...
Registered in 0.040786 seconds.
Begin MonoManager ReloadAssembly
Native extension for WindowsStandalone target not found
Refreshing native plugins compatible for Editor in 5.41 ms, found 2 plugins.
Preloading 0 native plugins for Editor in 0.00 ms.
Mono: successfully reloaded assembly
- Completed reload, in 12.993 seconds
Platform modules already initialized, skipping
Refreshing native plugins compatible for Editor in 3.23 ms, found 2 plugins.
Preloading 0 native plugins for Editor in 0.00 ms.
Unloading 3367 Unused Serialized files (Serialized files now loaded: 0)
System memory in use before: 348.2 MB.
System memory in use after: 348.3 MB.

Unloading 17 unused Assets to reduce memory usage. Loaded Objects now: 4077.
Total: 6.082800 ms (FindLiveObjects: 0.898400 ms CreateObjectMapping: 0.460900 ms MarkObjects: 4.432300 ms  DeleteObjects: 0.288100 ms)

========================================================================
Received Prepare
Registering precompiled user dll's ...
Registered in 0.007753 seconds.
Begin MonoManager ReloadAssembly
Native extension for WindowsStandalone target not found
Refreshing native plugins compatible for Editor in 1.07 ms, found 2 plugins.
Preloading 0 native plugins for Editor in 0.00 ms.
Mono: successfully reloaded assembly
- Completed reload, in 10.095 seconds
Platform modules already initialized, skipping
Refreshing native plugins compatible for Editor in 1.05 ms, found 2 plugins.
Preloading 0 native plugins for Editor in 0.00 ms.
Unloading 3367 Unused Serialized files (Serialized files now loaded: 0)
System memory in use before: 348.2 MB.
System memory in use after: 348.3 MB.

Unloading 17 unused Assets to reduce memory usage. Loaded Objects now: 4081.
Total: 29.563700 ms (FindLiveObjects: 0.422900 ms CreateObjectMapping: 11.980800 ms MarkObjects: 16.843100 ms  DeleteObjects: 0.313800 ms)

========================================================================
Received Prepare
Registering precompiled user dll's ...
Registered in 0.008657 seconds.
Begin MonoManager ReloadAssembly
Native extension for WindowsStandalone target not found
Refreshing native plugins compatible for Editor in 1.05 ms, found 2 plugins.
Preloading 0 native plugins for Editor in 0.00 ms.
Mono: successfully reloaded assembly
- Completed reload, in  4.417 seconds
Platform modules already initialized, skipping
Refreshing native plugins compatible for Editor in 1.03 ms, found 2 plugins.
Preloading 0 native plugins for Editor in 0.00 ms.
Unloading 3367 Unused Serialized files (Serialized files now loaded: 0)
System memory in use before: 348.2 MB.
System memory in use after: 348.3 MB.

Unloading 17 unused Assets to reduce memory usage. Loaded Objects now: 4085.
Total: 8.081300 ms (FindLiveObjects: 2.074200 ms CreateObjectMapping: 1.041200 ms MarkObjects: 4.644200 ms  DeleteObjects: 0.318900 ms)

========================================================================
Received Prepare
Registering precompiled user dll's ...
Registered in 0.005698 seconds.
Begin MonoManager ReloadAssembly
Native extension for WindowsStandalone target not found
Refreshing native plugins compatible for Editor in 4.25 ms, found 2 plugins.
Preloading 0 native plugins for Editor in 0.00 ms.
Mono: successfully reloaded assembly
- Completed reload, in  7.597 seconds
Platform modules already initialized, skipping
Refreshing native plugins compatible for Editor in 1.38 ms, found 2 plugins.
Preloading 0 native plugins for Editor in 0.00 ms.
Unloading 3367 Unused Serialized files (Serialized files now loaded: 0)
System memory in use before: 348.2 MB.
System memory in use after: 348.4 MB.

Unloading 17 unused Assets to reduce memory usage. Loaded Objects now: 4089.
Total: 4.589800 ms (FindLiveObjects: 0.441700 ms CreateObjectMapping: 0.362300 ms MarkObjects: 3.606500 ms  DeleteObjects: 0.176100 ms)

========================================================================
Received Prepare
Registering precompiled user dll's ...
Registered in 0.020110 seconds.
Begin MonoManager ReloadAssembly
Native extension for WindowsStandalone target not found
Refreshing native plugins compatible for Editor in 1.10 ms, found 2 plugins.
Preloading 0 native plugins for Editor in 0.00 ms.
Mono: successfully reloaded assembly
- Completed reload, in  5.624 seconds
Platform modules already initialized, skipping
Refreshing native plugins compatible for Editor in 1.11 ms, found 2 plugins.
Preloading 0 native plugins for Editor in 0.00 ms.
Unloading 3367 Unused Serialized files (Serialized files now loaded: 0)
System memory in use before: 348.3 MB.
System memory in use after: 348.3 MB.

Unloading 17 unused Assets to reduce memory usage. Loaded Objects now: 4093.
Total: 9.698600 ms (FindLiveObjects: 0.701100 ms CreateObjectMapping: 0.367800 ms MarkObjects: 6.930300 ms  DeleteObjects: 1.696500 ms)

========================================================================
Received Prepare
Registering precompiled user dll's ...
Registered in 0.007910 seconds.
Begin MonoManager ReloadAssembly
Native extension for WindowsStandalone target not found
Refreshing native plugins compatible for Editor in 1.03 ms, found 2 plugins.
Preloading 0 native plugins for Editor in 0.00 ms.
Mono: successfully reloaded assembly
- Completed reload, in  3.547 seconds
Platform modules already initialized, skipping
Refreshing native plugins compatible for Editor in 1.05 ms, found 2 plugins.
Preloading 0 native plugins for Editor in 0.00 ms.
Unloading 3367 Unused Serialized files (Serialized files now loaded: 0)
System memory in use before: 348.3 MB.
System memory in use after: 348.4 MB.

Unloading 17 unused Assets to reduce memory usage. Loaded Objects now: 4097.
Total: 4.501500 ms (FindLiveObjects: 0.459100 ms CreateObjectMapping: 0.351200 ms MarkObjects: 3.507700 ms  DeleteObjects: 0.181000 ms)

========================================================================
Received Prepare
Registering precompiled user dll's ...
Registered in 0.082636 seconds.
Begin MonoManager ReloadAssembly
Native extension for WindowsStandalone target not found
Refreshing native plugins compatible for Editor in 1.46 ms, found 2 plugins.
Preloading 0 native plugins for Editor in 0.00 ms.
Mono: successfully reloaded assembly
- Completed reload, in  4.342 seconds
Platform modules already initialized, skipping
Refreshing native plugins compatible for Editor in 1.06 ms, found 2 plugins.
Preloading 0 native plugins for Editor in 0.00 ms.
Unloading 3367 Unused Serialized files (Serialized files now loaded: 0)
System memory in use before: 348.3 MB.
System memory in use after: 348.4 MB.

Unloading 17 unused Assets to reduce memory usage. Loaded Objects now: 4101.
Total: 4.603000 ms (FindLiveObjects: 0.418500 ms CreateObjectMapping: 0.300500 ms MarkObjects: 3.590100 ms  DeleteObjects: 0.290800 ms)

