Using pre-set license
Built from '2021.1/staging' branch; Version is '2021.1.6f1 (c0fade0cc7e9) revision 12647134'; Using compiler version '192528614'; Build Type 'Release'
OS: 'Windows 10 Pro; OS build 19045.2486; Version 2009; 64bit' Language: 'ru' Physical Memory: 7805 MB
BatchMode: 1, IsHumanControllingUs: 0, StartBugReporterOnCrash: 0, Is64bit: 1, IsPro: 0

 COMMAND LINE ARGUMENTS:
C:\Program Files\Unity 2021.1.6f1\Editor\Unity.exe
-adb2
-batchMode
-noUpm
-name
AssetImportWorker39
-projectPath
G:/Учеба/C#/Unity задачи/Game2D
-logFile
Logs/AssetImportWorker39.log
-srvPort
49658
Successfully changed project path to: G:/Учеба/C#/Unity задачи/Game2D
G:/Учеба/C#/Unity задачи/Game2D
Using Asset Import Pipeline V2.
Refreshing native plugins compatible for Editor in 282.38 ms, found 2 plugins.
Preloading 0 native plugins for Editor in 0.00 ms.
Initialize engine version: 2021.1.6f1 (c0fade0cc7e9)
[Subsystems] Discovering subsystems at path C:/Program Files/Unity 2021.1.6f1/Editor/Data/Resources/UnitySubsystems
[Subsystems] Discovering subsystems at path G:/Учеба/C#/Unity задачи/Game2D/Assets
GfxDevice: creating device client; threaded=0; jobified=0
Direct3D:
    Version:  Direct3D 11.0 [level 11.0]
    Renderer: Intel(R) HD Graphics (ID=0x156)
    Vendor:   Intel
    VRAM:     128 MB
    Driver:   10.18.10.5161
Initialize mono
Mono path[0] = 'C:/Program Files/Unity 2021.1.6f1/Editor/Data/Managed'
Mono path[1] = 'C:/Program Files/Unity 2021.1.6f1/Editor/Data/MonoBleedingEdge/lib/mono/unityjit'
Mono config path = 'C:/Program Files/Unity 2021.1.6f1/Editor/Data/MonoBleedingEdge/etc'
Using monoOptions --debugger-agent=transport=dt_socket,embedding=1,server=y,suspend=n,address=127.0.0.1:56000
Begin MonoManager ReloadAssembly
Registering precompiled unity dll's ...
Register platform support module: C:/Program Files/Unity 2021.1.6f1/Editor/Data/PlaybackEngines/WindowsStandaloneSupport/UnityEditor.WindowsStandalone.Extensions.dll
Registered in 0.006076 seconds.
Native extension for WindowsStandalone target not found
Refreshing native plugins compatible for Editor in 379.59 ms, found 2 plugins.
Preloading 0 native plugins for Editor in 0.00 ms.
Mono: successfully reloaded assembly
- Completed reload, in  4.721 seconds
Platform modules already initialized, skipping
Registering precompiled user dll's ...
Registered in 0.009166 seconds.
Begin MonoManager ReloadAssembly
Native extension for WindowsStandalone target not found
Refreshing native plugins compatible for Editor in 318.09 ms, found 2 plugins.
Preloading 0 native plugins for Editor in 0.00 ms.
Mono: successfully reloaded assembly
- Completed reload, in  3.682 seconds
Platform modules already initialized, skipping
========================================================================
Worker process is ready to serve import requests
Launched and connected shader compiler UnityShaderCompiler.exe after 0.24 seconds
Refreshing native plugins compatible for Editor in 1.04 ms, found 2 plugins.
Preloading 0 native plugins for Editor in 0.00 ms.
Unloading 3375 Unused Serialized files (Serialized files now loaded: 0)
System memory in use before: 128.3 MB.
System memory in use after: 128.4 MB.

Unloading 29 unused Assets to reduce memory usage. Loaded Objects now: 3831.
Total: 4.757900 ms (FindLiveObjects: 0.362300 ms CreateObjectMapping: 0.243200 ms MarkObjects: 3.941700 ms  DeleteObjects: 0.207800 ms)

========================================================================
Received Import Request.
  path: Assets/Scripts/PlayerController.cs
  artifactKey: Guid(73b4fa26e733658438d37b227c91e212) Importer(815301076,1909f56bfc062723c751e8b465ee728b)
Start importing Assets/Scripts/PlayerController.cs using Guid(73b4fa26e733658438d37b227c91e212) Importer(815301076,1909f56bfc062723c751e8b465ee728b)  -> (artifact id: '4eb0275c6d10f5a52e525e7b4a8e5019') in 0.067414 seconds 
========================================================================
Received Prepare
Registering precompiled user dll's ...
Registered in 0.009186 seconds.
Begin MonoManager ReloadAssembly
Native extension for WindowsStandalone target not found
Refreshing native plugins compatible for Editor in 1.15 ms, found 2 plugins.
Preloading 0 native plugins for Editor in 0.00 ms.
Mono: successfully reloaded assembly
- Completed reload, in  3.100 seconds
Platform modules already initialized, skipping
Refreshing native plugins compatible for Editor in 4.18 ms, found 2 plugins.
Preloading 0 native plugins for Editor in 0.00 ms.
Unloading 3370 Unused Serialized files (Serialized files now loaded: 0)
System memory in use before: 128.3 MB.
System memory in use after: 128.4 MB.

Unloading 17 unused Assets to reduce memory usage. Loaded Objects now: 3835.
Total: 7.585300 ms (FindLiveObjects: 0.396600 ms CreateObjectMapping: 0.305300 ms MarkObjects: 6.697100 ms  DeleteObjects: 0.183200 ms)

========================================================================
Received Prepare
Registering precompiled user dll's ...
Registered in 0.025718 seconds.
Begin MonoManager ReloadAssembly
Native extension for WindowsStandalone target not found
Refreshing native plugins compatible for Editor in 1.38 ms, found 2 plugins.
Preloading 0 native plugins for Editor in 0.00 ms.
Mono: successfully reloaded assembly
- Completed reload, in  5.324 seconds
Platform modules already initialized, skipping
Refreshing native plugins compatible for Editor in 1.69 ms, found 2 plugins.
Preloading 0 native plugins for Editor in 0.00 ms.
Unloading 3370 Unused Serialized files (Serialized files now loaded: 0)
System memory in use before: 128.4 MB.
System memory in use after: 128.5 MB.

Unloading 17 unused Assets to reduce memory usage. Loaded Objects now: 3839.
Total: 13.390500 ms (FindLiveObjects: 0.546200 ms CreateObjectMapping: 0.410500 ms MarkObjects: 12.178900 ms  DeleteObjects: 0.251000 ms)

========================================================================
Received Import Request.
  Time since last request: 299.573988 seconds.
  path: Assets/Scripts/PlayerController.cs
  artifactKey: Guid(73b4fa26e733658438d37b227c91e212) Importer(815301076,1909f56bfc062723c751e8b465ee728b)
Start importing Assets/Scripts/PlayerController.cs using Guid(73b4fa26e733658438d37b227c91e212) Importer(815301076,1909f56bfc062723c751e8b465ee728b)  -> (artifact id: '5d5dc695481bc859ca74a7a2531da0e9') in 0.013483 seconds 
========================================================================
Received Prepare
Registering precompiled user dll's ...
Registered in 0.021883 seconds.
Begin MonoManager ReloadAssembly
Native extension for WindowsStandalone target not found
Refreshing native plugins compatible for Editor in 1.18 ms, found 2 plugins.
Preloading 0 native plugins for Editor in 0.00 ms.
Mono: successfully reloaded assembly
- Completed reload, in  2.790 seconds
Platform modules already initialized, skipping
Refreshing native plugins compatible for Editor in 1.44 ms, found 2 plugins.
Preloading 0 native plugins for Editor in 0.00 ms.
Unloading 3370 Unused Serialized files (Serialized files now loaded: 0)
System memory in use before: 128.4 MB.
System memory in use after: 128.5 MB.

Unloading 17 unused Assets to reduce memory usage. Loaded Objects now: 3843.
Total: 9.862900 ms (FindLiveObjects: 0.410800 ms CreateObjectMapping: 0.323800 ms MarkObjects: 8.920200 ms  DeleteObjects: 0.204800 ms)

========================================================================
Received Prepare
Registering precompiled user dll's ...
Registered in 0.008020 seconds.
Begin MonoManager ReloadAssembly
Native extension for WindowsStandalone target not found
Refreshing native plugins compatible for Editor in 10.41 ms, found 2 plugins.
Preloading 0 native plugins for Editor in 0.00 ms.
Mono: successfully reloaded assembly
- Completed reload, in  4.172 seconds
Platform modules already initialized, skipping
Refreshing native plugins compatible for Editor in 1.03 ms, found 2 plugins.
Preloading 0 native plugins for Editor in 0.00 ms.
Unloading 3370 Unused Serialized files (Serialized files now loaded: 0)
System memory in use before: 128.4 MB.
System memory in use after: 128.5 MB.

Unloading 17 unused Assets to reduce memory usage. Loaded Objects now: 3847.
Total: 4.806800 ms (FindLiveObjects: 0.365100 ms CreateObjectMapping: 0.258900 ms MarkObjects: 4.000400 ms  DeleteObjects: 0.179400 ms)

========================================================================
Received Prepare
Registering precompiled user dll's ...
Registered in 0.015312 seconds.
Begin MonoManager ReloadAssembly
Native extension for WindowsStandalone target not found
Refreshing native plugins compatible for Editor in 1.05 ms, found 2 plugins.
Preloading 0 native plugins for Editor in 0.00 ms.
Mono: successfully reloaded assembly
- Completed reload, in  3.564 seconds
Platform modules already initialized, skipping
Refreshing native plugins compatible for Editor in 1.26 ms, found 2 plugins.
Preloading 0 native plugins for Editor in 0.00 ms.
Unloading 3370 Unused Serialized files (Serialized files now loaded: 0)
System memory in use before: 128.5 MB.
System memory in use after: 128.6 MB.

Unloading 17 unused Assets to reduce memory usage. Loaded Objects now: 3851.
Total: 28.397900 ms (FindLiveObjects: 23.608300 ms CreateObjectMapping: 0.495600 ms MarkObjects: 4.103600 ms  DeleteObjects: 0.187200 ms)

========================================================================
Received Prepare
Registering precompiled user dll's ...
Registered in 0.007220 seconds.
Begin MonoManager ReloadAssembly
Native extension for WindowsStandalone target not found
Refreshing native plugins compatible for Editor in 2.33 ms, found 2 plugins.
Preloading 0 native plugins for Editor in 0.00 ms.
Mono: successfully reloaded assembly
- Completed reload, in  3.615 seconds
Platform modules already initialized, skipping
Refreshing native plugins compatible for Editor in 1.01 ms, found 2 plugins.
Preloading 0 native plugins for Editor in 0.00 ms.
Unloading 3370 Unused Serialized files (Serialized files now loaded: 0)
System memory in use before: 128.5 MB.
System memory in use after: 128.6 MB.

Unloading 17 unused Assets to reduce memory usage. Loaded Objects now: 3855.
Total: 5.113600 ms (FindLiveObjects: 0.444600 ms CreateObjectMapping: 0.559600 ms MarkObjects: 3.828000 ms  DeleteObjects: 0.278200 ms)

========================================================================
Received Prepare
Registering precompiled user dll's ...
Registered in 0.009518 seconds.
Begin MonoManager ReloadAssembly
Native extension for WindowsStandalone target not found
Refreshing native plugins compatible for Editor in 2.38 ms, found 2 plugins.
Preloading 0 native plugins for Editor in 0.00 ms.
Mono: successfully reloaded assembly
- Completed reload, in  3.950 seconds
Platform modules already initialized, skipping
Refreshing native plugins compatible for Editor in 1.05 ms, found 2 plugins.
Preloading 0 native plugins for Editor in 0.00 ms.
Unloading 3370 Unused Serialized files (Serialized files now loaded: 0)
System memory in use before: 128.5 MB.
System memory in use after: 128.6 MB.

Unloading 17 unused Assets to reduce memory usage. Loaded Objects now: 3859.
Total: 6.150700 ms (FindLiveObjects: 0.571400 ms CreateObjectMapping: 0.511300 ms MarkObjects: 4.670000 ms  DeleteObjects: 0.395000 ms)

========================================================================
Received Prepare
Registering precompiled user dll's ...
Registered in 0.017882 seconds.
Begin MonoManager ReloadAssembly
Native extension for WindowsStandalone target not found
Refreshing native plugins compatible for Editor in 1.06 ms, found 2 plugins.
Preloading 0 native plugins for Editor in 0.00 ms.
Mono: successfully reloaded assembly
- Completed reload, in  4.336 seconds
Platform modules already initialized, skipping
Refreshing native plugins compatible for Editor in 1.05 ms, found 2 plugins.
Preloading 0 native plugins for Editor in 0.00 ms.
Unloading 3369 Unused Serialized files (Serialized files now loaded: 0)
System memory in use before: 128.5 MB.
System memory in use after: 128.6 MB.

Unloading 18 unused Assets to reduce memory usage. Loaded Objects now: 3862.
Total: 4.672200 ms (FindLiveObjects: 0.403300 ms CreateObjectMapping: 0.314500 ms MarkObjects: 3.772000 ms  DeleteObjects: 0.179600 ms)

========================================================================
Received Import Request.
  Time since last request: 304.384010 seconds.
  path: Assets/Scripts/PlayerController.cs
  artifactKey: Guid(73b4fa26e733658438d37b227c91e212) Importer(815301076,1909f56bfc062723c751e8b465ee728b)
Start importing Assets/Scripts/PlayerController.cs using Guid(73b4fa26e733658438d37b227c91e212) Importer(815301076,1909f56bfc062723c751e8b465ee728b)  -> (artifact id: '90197dbe40739d7043f65604c1a953a8') in 0.019236 seconds 
========================================================================
Received Prepare
Registering precompiled user dll's ...
Registered in 0.010580 seconds.
Begin MonoManager ReloadAssembly
Native extension for WindowsStandalone target not found
Refreshing native plugins compatible for Editor in 1.12 ms, found 2 plugins.
Preloading 0 native plugins for Editor in 0.00 ms.
Mono: successfully reloaded assembly
- Completed reload, in  5.917 seconds
Platform modules already initialized, skipping
Refreshing native plugins compatible for Editor in 5.68 ms, found 2 plugins.
Preloading 0 native plugins for Editor in 0.00 ms.
Unloading 3368 Unused Serialized files (Serialized files now loaded: 0)
System memory in use before: 128.5 MB.
System memory in use after: 128.6 MB.

Unloading 18 unused Assets to reduce memory usage. Loaded Objects now: 3865.
Total: 5.015800 ms (FindLiveObjects: 0.478000 ms CreateObjectMapping: 0.348000 ms MarkObjects: 3.865100 ms  DeleteObjects: 0.320700 ms)

========================================================================
Received Prepare
Registering precompiled user dll's ...
Registered in 0.011003 seconds.
Begin MonoManager ReloadAssembly
Native extension for WindowsStandalone target not found
Refreshing native plugins compatible for Editor in 2.11 ms, found 2 plugins.
Preloading 0 native plugins for Editor in 0.00 ms.
Mono: successfully reloaded assembly
- Completed reload, in  5.688 seconds
Platform modules already initialized, skipping
Refreshing native plugins compatible for Editor in 1.12 ms, found 2 plugins.
Preloading 0 native plugins for Editor in 0.00 ms.
Unloading 3368 Unused Serialized files (Serialized files now loaded: 0)
System memory in use before: 128.5 MB.
System memory in use after: 128.6 MB.

Unloading 17 unused Assets to reduce memory usage. Loaded Objects now: 3869.
Total: 12.509600 ms (FindLiveObjects: 0.509400 ms CreateObjectMapping: 0.650300 ms MarkObjects: 11.143700 ms  DeleteObjects: 0.202900 ms)

========================================================================
Received Import Request.
  Time since last request: 139.498424 seconds.
  path: Assets/Enemy.prefab
  artifactKey: Guid(11e6193851e369e49bffa05f9a2deca3) Importer(815301076,1909f56bfc062723c751e8b465ee728b)
Start importing Assets/Enemy.prefab using Guid(11e6193851e369e49bffa05f9a2deca3) Importer(815301076,1909f56bfc062723c751e8b465ee728b)  -> (artifact id: 'a1d3ec18c1dd7094e7145e6cb6080050') in 0.515446 seconds 
========================================================================
Received Import Request.
  Time since last request: 6935.059872 seconds.
  path: Assets/Scripts/EnemyController.cs
  artifactKey: Guid(f6b32d37b4a15514aa40039225a50c77) Importer(815301076,1909f56bfc062723c751e8b465ee728b)
Start importing Assets/Scripts/EnemyController.cs using Guid(f6b32d37b4a15514aa40039225a50c77) Importer(815301076,1909f56bfc062723c751e8b465ee728b)  -> (artifact id: '173a9fd607e50b6c98f2843d70d90592') in 0.016611 seconds 
========================================================================
Received Prepare
Registering precompiled user dll's ...
Registered in 0.009816 seconds.
Begin MonoManager ReloadAssembly
Native extension for WindowsStandalone target not found
Refreshing native plugins compatible for Editor in 1.10 ms, found 2 plugins.
Preloading 0 native plugins for Editor in 0.00 ms.
Mono: successfully reloaded assembly
- Completed reload, in  2.431 seconds
Platform modules already initialized, skipping
Script is not up to date after domain reload: guid(783a73297f737774c86c11b10319a447) path("Assets/scr.cs") state(2)
Refreshing native plugins compatible for Editor in 1.08 ms, found 2 plugins.
Preloading 0 native plugins for Editor in 0.00 ms.
Unloading 3369 Unused Serialized files (Serialized files now loaded: 0)
System memory in use before: 132.1 MB.
System memory in use after: 132.2 MB.

Unloading 17 unused Assets to reduce memory usage. Loaded Objects now: 3881.
Total: 7.879600 ms (FindLiveObjects: 0.632300 ms CreateObjectMapping: 0.518500 ms MarkObjects: 6.418900 ms  DeleteObjects: 0.306500 ms)

========================================================================
Received Prepare
Registering precompiled user dll's ...
Registered in 0.010417 seconds.
Begin MonoManager ReloadAssembly
Native extension for WindowsStandalone target not found
Refreshing native plugins compatible for Editor in 1.07 ms, found 2 plugins.
Preloading 0 native plugins for Editor in 0.00 ms.
Mono: successfully reloaded assembly
- Completed reload, in  4.744 seconds
Platform modules already initialized, skipping
Refreshing native plugins compatible for Editor in 6.76 ms, found 2 plugins.
Preloading 0 native plugins for Editor in 0.00 ms.
Unloading 3369 Unused Serialized files (Serialized files now loaded: 0)
System memory in use before: 132.2 MB.
System memory in use after: 132.3 MB.

Unloading 17 unused Assets to reduce memory usage. Loaded Objects now: 3885.
Total: 8.293600 ms (FindLiveObjects: 1.796200 ms CreateObjectMapping: 0.715300 ms MarkObjects: 5.589400 ms  DeleteObjects: 0.189400 ms)

========================================================================
Received Import Request.
  Time since last request: 104.960427 seconds.
  path: Assets/Enemy.prefab
  artifactKey: Guid(11e6193851e369e49bffa05f9a2deca3) Importer(815301076,1909f56bfc062723c751e8b465ee728b)
Start importing Assets/Enemy.prefab using Guid(11e6193851e369e49bffa05f9a2deca3) Importer(815301076,1909f56bfc062723c751e8b465ee728b)  -> (artifact id: 'bb5c4f0e024e0c18632376ae0f53cbd5') in 0.257747 seconds 
========================================================================
Received Import Request.
  Time since last request: 486.996282 seconds.
  path: Assets/Scripts/EnemyController.cs
  artifactKey: Guid(f6b32d37b4a15514aa40039225a50c77) Importer(815301076,1909f56bfc062723c751e8b465ee728b)
Start importing Assets/Scripts/EnemyController.cs using Guid(f6b32d37b4a15514aa40039225a50c77) Importer(815301076,1909f56bfc062723c751e8b465ee728b)  -> (artifact id: 'eca1741eb8af3df2d30a31b731bc6d49') in 0.014572 seconds 
========================================================================
Received Import Request.
  Time since last request: 13.853603 seconds.
  path: Assets/Scripts/EnemyController.cs
  artifactKey: Guid(f6b32d37b4a15514aa40039225a50c77) Importer(815301076,1909f56bfc062723c751e8b465ee728b)
Start importing Assets/Scripts/EnemyController.cs using Guid(f6b32d37b4a15514aa40039225a50c77) Importer(815301076,1909f56bfc062723c751e8b465ee728b)  -> (artifact id: 'e59aead89ce44b29d7d94dd972ad01c1') in 0.034201 seconds 
========================================================================
Received Import Request.
  Time since last request: 205.186624 seconds.
  path: Assets/Scripts/EnemyController.cs
  artifactKey: Guid(f6b32d37b4a15514aa40039225a50c77) Importer(815301076,1909f56bfc062723c751e8b465ee728b)
Start importing Assets/Scripts/EnemyController.cs using Guid(f6b32d37b4a15514aa40039225a50c77) Importer(815301076,1909f56bfc062723c751e8b465ee728b)  -> (artifact id: '2beb3e6624bb4456c3f87bdbd4222844') in 0.014692 seconds 
========================================================================
Received Import Request.
  Time since last request: 233.837483 seconds.
  path: Assets/Scripts/EnemyController.cs
  artifactKey: Guid(f6b32d37b4a15514aa40039225a50c77) Importer(815301076,1909f56bfc062723c751e8b465ee728b)
Start importing Assets/Scripts/EnemyController.cs using Guid(f6b32d37b4a15514aa40039225a50c77) Importer(815301076,1909f56bfc062723c751e8b465ee728b)  -> (artifact id: '4ae5cdf6f230d25ef2d6f4368a55aade') in 0.007255 seconds 
========================================================================
Received Import Request.
  Time since last request: 64.302597 seconds.
  path: Assets/Scripts/EnemyController.cs
  artifactKey: Guid(f6b32d37b4a15514aa40039225a50c77) Importer(815301076,1909f56bfc062723c751e8b465ee728b)
Start importing Assets/Scripts/EnemyController.cs using Guid(f6b32d37b4a15514aa40039225a50c77) Importer(815301076,1909f56bfc062723c751e8b465ee728b)  -> (artifact id: '8fb88de246611994bdcc532de3716ee8') in 0.015025 seconds 
========================================================================
Received Prepare
Registering precompiled user dll's ...
Registered in 0.049621 seconds.
Begin MonoManager ReloadAssembly
Native extension for WindowsStandalone target not found
Refreshing native plugins compatible for Editor in 1.32 ms, found 2 plugins.
Preloading 0 native plugins for Editor in 0.00 ms.
Mono: successfully reloaded assembly
- Completed reload, in  3.376 seconds
Platform modules already initialized, skipping
Refreshing native plugins compatible for Editor in 1.16 ms, found 2 plugins.
Preloading 0 native plugins for Editor in 0.00 ms.
Unloading 3369 Unused Serialized files (Serialized files now loaded: 0)
System memory in use before: 132.2 MB.
System memory in use after: 132.3 MB.

Unloading 17 unused Assets to reduce memory usage. Loaded Objects now: 3890.
Total: 4.562600 ms (FindLiveObjects: 0.404500 ms CreateObjectMapping: 0.342100 ms MarkObjects: 3.638500 ms  DeleteObjects: 0.175100 ms)

========================================================================
Received Prepare
Registering precompiled user dll's ...
Registered in 0.011679 seconds.
Begin MonoManager ReloadAssembly
Native extension for WindowsStandalone target not found
Refreshing native plugins compatible for Editor in 1.29 ms, found 2 plugins.
Preloading 0 native plugins for Editor in 0.00 ms.
Mono: successfully reloaded assembly
- Completed reload, in  3.781 seconds
Platform modules already initialized, skipping
Refreshing native plugins compatible for Editor in 2.67 ms, found 2 plugins.
Preloading 0 native plugins for Editor in 0.00 ms.
Unloading 3369 Unused Serialized files (Serialized files now loaded: 0)
System memory in use before: 132.2 MB.
System memory in use after: 132.3 MB.

Unloading 17 unused Assets to reduce memory usage. Loaded Objects now: 3894.
Total: 106.187700 ms (FindLiveObjects: 5.962700 ms CreateObjectMapping: 24.724600 ms MarkObjects: 75.277900 ms  DeleteObjects: 0.218700 ms)

========================================================================
Received Prepare
Registering precompiled user dll's ...
Registered in 0.023648 seconds.
Begin MonoManager ReloadAssembly
Native extension for WindowsStandalone target not found
Refreshing native plugins compatible for Editor in 1.56 ms, found 2 plugins.
Preloading 0 native plugins for Editor in 0.00 ms.
Mono: successfully reloaded assembly
- Completed reload, in  7.781 seconds
Platform modules already initialized, skipping
Refreshing native plugins compatible for Editor in 1.06 ms, found 2 plugins.
Preloading 0 native plugins for Editor in 0.00 ms.
Unloading 3369 Unused Serialized files (Serialized files now loaded: 0)
System memory in use before: 132.2 MB.
System memory in use after: 132.3 MB.

Unloading 17 unused Assets to reduce memory usage. Loaded Objects now: 3898.
Total: 4.629200 ms (FindLiveObjects: 0.407500 ms CreateObjectMapping: 0.325100 ms MarkObjects: 3.727400 ms  DeleteObjects: 0.166300 ms)

========================================================================
Received Prepare
Registering precompiled user dll's ...
Registered in 0.006706 seconds.
Begin MonoManager ReloadAssembly
Native extension for WindowsStandalone target not found
Refreshing native plugins compatible for Editor in 1.03 ms, found 2 plugins.
Preloading 0 native plugins for Editor in 0.00 ms.
Mono: successfully reloaded assembly
- Completed reload, in  3.991 seconds
Platform modules already initialized, skipping
Refreshing native plugins compatible for Editor in 14.39 ms, found 2 plugins.
Preloading 0 native plugins for Editor in 0.00 ms.
Unloading 3369 Unused Serialized files (Serialized files now loaded: 0)
System memory in use before: 132.2 MB.
System memory in use after: 132.3 MB.

Unloading 17 unused Assets to reduce memory usage. Loaded Objects now: 3902.
Total: 14.123900 ms (FindLiveObjects: 0.398400 ms CreateObjectMapping: 0.289800 ms MarkObjects: 5.520800 ms  DeleteObjects: 7.909500 ms)

========================================================================
Received Prepare
Registering precompiled user dll's ...
Registered in 0.007802 seconds.
Begin MonoManager ReloadAssembly
Native extension for WindowsStandalone target not found
Refreshing native plugins compatible for Editor in 1.07 ms, found 2 plugins.
Preloading 0 native plugins for Editor in 0.00 ms.
Mono: successfully reloaded assembly
- Completed reload, in  4.299 seconds
Platform modules already initialized, skipping
Refreshing native plugins compatible for Editor in 1.25 ms, found 2 plugins.
Preloading 0 native plugins for Editor in 0.00 ms.
Unloading 3369 Unused Serialized files (Serialized files now loaded: 0)
System memory in use before: 132.2 MB.
System memory in use after: 132.3 MB.

Unloading 17 unused Assets to reduce memory usage. Loaded Objects now: 3906.
Total: 4.976800 ms (FindLiveObjects: 0.639100 ms CreateObjectMapping: 0.597100 ms MarkObjects: 3.569000 ms  DeleteObjects: 0.169100 ms)

========================================================================
Received Prepare
Registering precompiled user dll's ...
Registered in 0.007763 seconds.
Begin MonoManager ReloadAssembly
Native extension for WindowsStandalone target not found
Refreshing native plugins compatible for Editor in 1.13 ms, found 2 plugins.
Preloading 0 native plugins for Editor in 0.00 ms.
Mono: successfully reloaded assembly
- Completed reload, in  3.962 seconds
Platform modules already initialized, skipping
Refreshing native plugins compatible for Editor in 2.37 ms, found 2 plugins.
Preloading 0 native plugins for Editor in 0.00 ms.
Unloading 3369 Unused Serialized files (Serialized files now loaded: 0)
System memory in use before: 132.2 MB.
System memory in use after: 132.3 MB.

Unloading 17 unused Assets to reduce memory usage. Loaded Objects now: 3910.
Total: 92.659000 ms (FindLiveObjects: 2.839000 ms CreateObjectMapping: 76.040600 ms MarkObjects: 13.517200 ms  DeleteObjects: 0.258400 ms)

========================================================================
Received Prepare
Registering precompiled user dll's ...
Registered in 0.014001 seconds.
Begin MonoManager ReloadAssembly
Native extension for WindowsStandalone target not found
Refreshing native plugins compatible for Editor in 1.06 ms, found 2 plugins.
Preloading 0 native plugins for Editor in 0.00 ms.
Mono: successfully reloaded assembly
- Completed reload, in  4.000 seconds
Platform modules already initialized, skipping
Refreshing native plugins compatible for Editor in 14.95 ms, found 2 plugins.
Preloading 0 native plugins for Editor in 0.00 ms.
Unloading 3369 Unused Serialized files (Serialized files now loaded: 0)
System memory in use before: 132.2 MB.
System memory in use after: 132.3 MB.

Unloading 17 unused Assets to reduce memory usage. Loaded Objects now: 3914.
Total: 5.259300 ms (FindLiveObjects: 0.642100 ms CreateObjectMapping: 0.420700 ms MarkObjects: 4.028800 ms  DeleteObjects: 0.164000 ms)

========================================================================
Received Prepare
Registering precompiled user dll's ...
Registered in 0.006438 seconds.
Begin MonoManager ReloadAssembly
Native extension for WindowsStandalone target not found
Refreshing native plugins compatible for Editor in 1.23 ms, found 2 plugins.
Preloading 0 native plugins for Editor in 0.00 ms.
Mono: successfully reloaded assembly
- Completed reload, in  2.542 seconds
Platform modules already initialized, skipping
Refreshing native plugins compatible for Editor in 1.04 ms, found 2 plugins.
Preloading 0 native plugins for Editor in 0.00 ms.
Unloading 3369 Unused Serialized files (Serialized files now loaded: 0)
System memory in use before: 132.2 MB.
System memory in use after: 132.3 MB.

Unloading 17 unused Assets to reduce memory usage. Loaded Objects now: 3918.
Total: 4.928400 ms (FindLiveObjects: 0.398800 ms CreateObjectMapping: 0.546700 ms MarkObjects: 3.804100 ms  DeleteObjects: 0.175900 ms)

========================================================================
Received Prepare
Registering precompiled user dll's ...
Registered in 0.016942 seconds.
Begin MonoManager ReloadAssembly
Native extension for WindowsStandalone target not found
Refreshing native plugins compatible for Editor in 1.24 ms, found 2 plugins.
Preloading 0 native plugins for Editor in 0.00 ms.
Mono: successfully reloaded assembly
- Completed reload, in 13.942 seconds
Platform modules already initialized, skipping
Refreshing native plugins compatible for Editor in 1.09 ms, found 2 plugins.
Preloading 0 native plugins for Editor in 0.00 ms.
Unloading 3369 Unused Serialized files (Serialized files now loaded: 0)
System memory in use before: 132.2 MB.
System memory in use after: 132.3 MB.

Unloading 17 unused Assets to reduce memory usage. Loaded Objects now: 3922.
Total: 74.845700 ms (FindLiveObjects: 0.573500 ms CreateObjectMapping: 0.452000 ms MarkObjects: 73.187700 ms  DeleteObjects: 0.628500 ms)

========================================================================
Received Prepare
Registering precompiled user dll's ...
Registered in 0.107619 seconds.
Begin MonoManager ReloadAssembly
Native extension for WindowsStandalone target not found
Refreshing native plugins compatible for Editor in 1.47 ms, found 2 plugins.
Preloading 0 native plugins for Editor in 0.00 ms.
Mono: successfully reloaded assembly
- Completed reload, in  9.813 seconds
Platform modules already initialized, skipping
Refreshing native plugins compatible for Editor in 5.77 ms, found 2 plugins.
Preloading 0 native plugins for Editor in 0.00 ms.
Unloading 3369 Unused Serialized files (Serialized files now loaded: 0)
System memory in use before: 132.2 MB.
System memory in use after: 132.3 MB.

Unloading 17 unused Assets to reduce memory usage. Loaded Objects now: 3926.
Total: 7.843300 ms (FindLiveObjects: 1.158400 ms CreateObjectMapping: 0.506800 ms MarkObjects: 5.984700 ms  DeleteObjects: 0.190000 ms)

========================================================================
Received Prepare
Registering precompiled user dll's ...
Registered in 0.062006 seconds.
Begin MonoManager ReloadAssembly
Native extension for WindowsStandalone target not found
Refreshing native plugins compatible for Editor in 1.34 ms, found 2 plugins.
Preloading 0 native plugins for Editor in 0.00 ms.
Mono: successfully reloaded assembly
- Completed reload, in  3.821 seconds
Platform modules already initialized, skipping
Refreshing native plugins compatible for Editor in 1.03 ms, found 2 plugins.
Preloading 0 native plugins for Editor in 0.00 ms.
Unloading 3369 Unused Serialized files (Serialized files now loaded: 0)
System memory in use before: 132.3 MB.
System memory in use after: 132.4 MB.

Unloading 17 unused Assets to reduce memory usage. Loaded Objects now: 3930.
Total: 8.108700 ms (FindLiveObjects: 3.212000 ms CreateObjectMapping: 0.475200 ms MarkObjects: 4.242400 ms  DeleteObjects: 0.175900 ms)

========================================================================
Received Prepare
Registering precompiled user dll's ...
Registered in 0.006863 seconds.
Begin MonoManager ReloadAssembly
Native extension for WindowsStandalone target not found
Refreshing native plugins compatible for Editor in 4.45 ms, found 2 plugins.
Preloading 0 native plugins for Editor in 0.00 ms.
Mono: successfully reloaded assembly
- Completed reload, in  3.063 seconds
Platform modules already initialized, skipping
Refreshing native plugins compatible for Editor in 1.02 ms, found 2 plugins.
Preloading 0 native plugins for Editor in 0.00 ms.
Unloading 3369 Unused Serialized files (Serialized files now loaded: 0)
System memory in use before: 132.3 MB.
System memory in use after: 132.4 MB.

Unloading 17 unused Assets to reduce memory usage. Loaded Objects now: 3934.
Total: 7.998000 ms (FindLiveObjects: 0.375900 ms CreateObjectMapping: 0.250300 ms MarkObjects: 7.190600 ms  DeleteObjects: 0.178500 ms)

========================================================================
Received Prepare
Registering precompiled user dll's ...
Registered in 0.047254 seconds.
Begin MonoManager ReloadAssembly
Native extension for WindowsStandalone target not found
Refreshing native plugins compatible for Editor in 1.15 ms, found 2 plugins.
Preloading 0 native plugins for Editor in 0.00 ms.
Mono: successfully reloaded assembly
- Completed reload, in  3.449 seconds
Platform modules already initialized, skipping
Refreshing native plugins compatible for Editor in 1.96 ms, found 2 plugins.
Preloading 0 native plugins for Editor in 0.00 ms.
Unloading 3369 Unused Serialized files (Serialized files now loaded: 0)
System memory in use before: 132.3 MB.
System memory in use after: 132.4 MB.

Unloading 17 unused Assets to reduce memory usage. Loaded Objects now: 3938.
Total: 5.393300 ms (FindLiveObjects: 0.403600 ms CreateObjectMapping: 0.303800 ms MarkObjects: 3.968100 ms  DeleteObjects: 0.714700 ms)

========================================================================
Received Prepare
Registering precompiled user dll's ...
Registered in 0.007919 seconds.
Begin MonoManager ReloadAssembly
Native extension for WindowsStandalone target not found
Refreshing native plugins compatible for Editor in 1.30 ms, found 2 plugins.
Preloading 0 native plugins for Editor in 0.00 ms.
Mono: successfully reloaded assembly
- Completed reload, in  4.840 seconds
Platform modules already initialized, skipping
Refreshing native plugins compatible for Editor in 1.10 ms, found 2 plugins.
Preloading 0 native plugins for Editor in 0.00 ms.
Unloading 3369 Unused Serialized files (Serialized files now loaded: 0)
System memory in use before: 132.3 MB.
System memory in use after: 132.4 MB.

Unloading 17 unused Assets to reduce memory usage. Loaded Objects now: 3942.
Total: 6.033200 ms (FindLiveObjects: 0.569700 ms CreateObjectMapping: 0.504500 ms MarkObjects: 4.753100 ms  DeleteObjects: 0.202500 ms)

========================================================================
Received Prepare
Registering precompiled user dll's ...
Registered in 0.019127 seconds.
Begin MonoManager ReloadAssembly
Native extension for WindowsStandalone target not found
Refreshing native plugins compatible for Editor in 1.03 ms, found 2 plugins.
Preloading 0 native plugins for Editor in 0.00 ms.
Mono: successfully reloaded assembly
- Completed reload, in  2.459 seconds
Platform modules already initialized, skipping
Refreshing native plugins compatible for Editor in 1.29 ms, found 2 plugins.
Preloading 0 native plugins for Editor in 0.00 ms.
Unloading 3369 Unused Serialized files (Serialized files now loaded: 0)
System memory in use before: 132.3 MB.
System memory in use after: 132.4 MB.

Unloading 17 unused Assets to reduce memory usage. Loaded Objects now: 3946.
Total: 5.466900 ms (FindLiveObjects: 0.865500 ms CreateObjectMapping: 0.443700 ms MarkObjects: 3.983900 ms  DeleteObjects: 0.170400 ms)

========================================================================
Received Prepare
Registering precompiled user dll's ...
Registered in 0.015273 seconds.
Begin MonoManager ReloadAssembly
Native extension for WindowsStandalone target not found
Refreshing native plugins compatible for Editor in 1.52 ms, found 2 plugins.
Preloading 0 native plugins for Editor in 0.00 ms.
Mono: successfully reloaded assembly
- Completed reload, in  2.878 seconds
Platform modules already initialized, skipping
Refreshing native plugins compatible for Editor in 1.06 ms, found 2 plugins.
Preloading 0 native plugins for Editor in 0.00 ms.
Unloading 3369 Unused Serialized files (Serialized files now loaded: 0)
System memory in use before: 132.3 MB.
System memory in use after: 132.4 MB.

Unloading 17 unused Assets to reduce memory usage. Loaded Objects now: 3950.
Total: 5.569800 ms (FindLiveObjects: 0.421100 ms CreateObjectMapping: 0.489200 ms MarkObjects: 3.419100 ms  DeleteObjects: 1.237300 ms)

========================================================================
Received Prepare
Registering precompiled user dll's ...
Registered in 0.006865 seconds.
Begin MonoManager ReloadAssembly
Native extension for WindowsStandalone target not found
Refreshing native plugins compatible for Editor in 1.10 ms, found 2 plugins.
Preloading 0 native plugins for Editor in 0.00 ms.
Mono: successfully reloaded assembly
- Completed reload, in  4.912 seconds
Platform modules already initialized, skipping
Refreshing native plugins compatible for Editor in 1.37 ms, found 2 plugins.
Preloading 0 native plugins for Editor in 0.00 ms.
Unloading 3368 Unused Serialized files (Serialized files now loaded: 0)
System memory in use before: 132.3 MB.
System memory in use after: 132.4 MB.

Unloading 18 unused Assets to reduce memory usage. Loaded Objects now: 3953.
Total: 4.586700 ms (FindLiveObjects: 0.402700 ms CreateObjectMapping: 0.289600 ms MarkObjects: 3.619100 ms  DeleteObjects: 0.272100 ms)

========================================================================
Received Prepare
Registering precompiled user dll's ...
Registered in 0.007777 seconds.
Begin MonoManager ReloadAssembly
Native extension for WindowsStandalone target not found
Refreshing native plugins compatible for Editor in 1.51 ms, found 2 plugins.
Preloading 0 native plugins for Editor in 0.00 ms.
Mono: successfully reloaded assembly
- Completed reload, in  4.837 seconds
Platform modules already initialized, skipping
Refreshing native plugins compatible for Editor in 25.79 ms, found 2 plugins.
Preloading 0 native plugins for Editor in 0.00 ms.
Unloading 3368 Unused Serialized files (Serialized files now loaded: 0)
System memory in use before: 132.3 MB.
System memory in use after: 132.4 MB.

Unloading 17 unused Assets to reduce memory usage. Loaded Objects now: 3957.
Total: 5.046000 ms (FindLiveObjects: 0.423600 ms CreateObjectMapping: 0.279100 ms MarkObjects: 3.465500 ms  DeleteObjects: 0.874200 ms)

========================================================================
Received Prepare
Registering precompiled user dll's ...
Registered in 0.007125 seconds.
Begin MonoManager ReloadAssembly
Native extension for WindowsStandalone target not found
Refreshing native plugins compatible for Editor in 1.03 ms, found 2 plugins.
Preloading 0 native plugins for Editor in 0.00 ms.
Mono: successfully reloaded assembly
- Completed reload, in  4.307 seconds
Platform modules already initialized, skipping
Refreshing native plugins compatible for Editor in 1.11 ms, found 2 plugins.
Preloading 0 native plugins for Editor in 0.00 ms.
Unloading 3368 Unused Serialized files (Serialized files now loaded: 0)
System memory in use before: 132.3 MB.
System memory in use after: 132.4 MB.

Unloading 17 unused Assets to reduce memory usage. Loaded Objects now: 3961.
Total: 5.046700 ms (FindLiveObjects: 0.713800 ms CreateObjectMapping: 0.416600 ms MarkObjects: 3.747100 ms  DeleteObjects: 0.166200 ms)

========================================================================
Received Prepare
Registering precompiled user dll's ...
Registered in 0.013975 seconds.
Begin MonoManager ReloadAssembly
Native extension for WindowsStandalone target not found
Refreshing native plugins compatible for Editor in 1.06 ms, found 2 plugins.
Preloading 0 native plugins for Editor in 0.00 ms.
Mono: successfully reloaded assembly
- Completed reload, in  3.431 seconds
Platform modules already initialized, skipping
Refreshing native plugins compatible for Editor in 1.04 ms, found 2 plugins.
Preloading 0 native plugins for Editor in 0.00 ms.
Unloading 3368 Unused Serialized files (Serialized files now loaded: 0)
System memory in use before: 132.3 MB.
System memory in use after: 132.4 MB.

Unloading 17 unused Assets to reduce memory usage. Loaded Objects now: 3965.
Total: 4.629300 ms (FindLiveObjects: 0.397800 ms CreateObjectMapping: 0.398500 ms MarkObjects: 3.656100 ms  DeleteObjects: 0.174200 ms)

========================================================================
Received Prepare
Registering precompiled user dll's ...
Registered in 0.008301 seconds.
Begin MonoManager ReloadAssembly
Native extension for WindowsStandalone target not found
Refreshing native plugins compatible for Editor in 1.03 ms, found 2 plugins.
Preloading 0 native plugins for Editor in 0.00 ms.
Mono: successfully reloaded assembly
- Completed reload, in  2.617 seconds
Platform modules already initialized, skipping
Refreshing native plugins compatible for Editor in 1.10 ms, found 2 plugins.
Preloading 0 native plugins for Editor in 0.00 ms.
Unloading 3368 Unused Serialized files (Serialized files now loaded: 0)
System memory in use before: 132.3 MB.
System memory in use after: 132.4 MB.

Unloading 17 unused Assets to reduce memory usage. Loaded Objects now: 3969.
Total: 14.929500 ms (FindLiveObjects: 0.542400 ms CreateObjectMapping: 0.465300 ms MarkObjects: 12.831900 ms  DeleteObjects: 1.086900 ms)

========================================================================
Received Prepare
Registering precompiled user dll's ...
Registered in 0.008547 seconds.
Begin MonoManager ReloadAssembly
Native extension for WindowsStandalone target not found
Refreshing native plugins compatible for Editor in 1.96 ms, found 2 plugins.
Preloading 0 native plugins for Editor in 0.00 ms.
Mono: successfully reloaded assembly
- Completed reload, in  2.982 seconds
Platform modules already initialized, skipping
Refreshing native plugins compatible for Editor in 1.02 ms, found 2 plugins.
Preloading 0 native plugins for Editor in 0.00 ms.
Unloading 3368 Unused Serialized files (Serialized files now loaded: 0)
System memory in use before: 132.3 MB.
System memory in use after: 132.4 MB.

Unloading 17 unused Assets to reduce memory usage. Loaded Objects now: 3973.
Total: 5.145000 ms (FindLiveObjects: 0.425900 ms CreateObjectMapping: 0.308800 ms MarkObjects: 3.367400 ms  DeleteObjects: 1.040000 ms)

========================================================================
Received Prepare
Registering precompiled user dll's ...
Registered in 0.019127 seconds.
Begin MonoManager ReloadAssembly
Native extension for WindowsStandalone target not found
Refreshing native plugins compatible for Editor in 1.03 ms, found 2 plugins.
Preloading 0 native plugins for Editor in 0.00 ms.
Mono: successfully reloaded assembly
- Completed reload, in  2.653 seconds
Platform modules already initialized, skipping
Refreshing native plugins compatible for Editor in 1.06 ms, found 2 plugins.
Preloading 0 native plugins for Editor in 0.00 ms.
Unloading 3368 Unused Serialized files (Serialized files now loaded: 0)
System memory in use before: 132.3 MB.
System memory in use after: 132.4 MB.

Unloading 17 unused Assets to reduce memory usage. Loaded Objects now: 3977.
Total: 4.558100 ms (FindLiveObjects: 0.414400 ms CreateObjectMapping: 0.340900 ms MarkObjects: 3.628100 ms  DeleteObjects: 0.171700 ms)

========================================================================
Received Prepare
Registering precompiled user dll's ...
Registered in 0.216069 seconds.
Begin MonoManager ReloadAssembly
Native extension for WindowsStandalone target not found
Refreshing native plugins compatible for Editor in 1.05 ms, found 2 plugins.
Preloading 0 native plugins for Editor in 0.00 ms.
Mono: successfully reloaded assembly
- Completed reload, in  4.916 seconds
Platform modules already initialized, skipping
Refreshing native plugins compatible for Editor in 1.03 ms, found 2 plugins.
Preloading 0 native plugins for Editor in 0.00 ms.
Unloading 3368 Unused Serialized files (Serialized files now loaded: 0)
System memory in use before: 132.4 MB.
System memory in use after: 132.5 MB.

Unloading 17 unused Assets to reduce memory usage. Loaded Objects now: 3981.
Total: 4.593900 ms (FindLiveObjects: 0.436200 ms CreateObjectMapping: 0.304700 ms MarkObjects: 3.683000 ms  DeleteObjects: 0.166900 ms)

========================================================================
Received Prepare
Registering precompiled user dll's ...
Registered in 0.009455 seconds.
Begin MonoManager ReloadAssembly
Native extension for WindowsStandalone target not found
Refreshing native plugins compatible for Editor in 1.19 ms, found 2 plugins.
Preloading 0 native plugins for Editor in 0.00 ms.
Mono: successfully reloaded assembly
- Completed reload, in  3.268 seconds
Platform modules already initialized, skipping
Refreshing native plugins compatible for Editor in 1.02 ms, found 2 plugins.
Preloading 0 native plugins for Editor in 0.00 ms.
Unloading 3368 Unused Serialized files (Serialized files now loaded: 0)
System memory in use before: 132.4 MB.
System memory in use after: 132.5 MB.

Unloading 17 unused Assets to reduce memory usage. Loaded Objects now: 3985.
Total: 11.193000 ms (FindLiveObjects: 0.398100 ms CreateObjectMapping: 0.367500 ms MarkObjects: 10.259000 ms  DeleteObjects: 0.165500 ms)

========================================================================
Received Prepare
Registering precompiled user dll's ...
Registered in 0.006343 seconds.
Begin MonoManager ReloadAssembly
Native extension for WindowsStandalone target not found
Refreshing native plugins compatible for Editor in 1.11 ms, found 2 plugins.
Preloading 0 native plugins for Editor in 0.00 ms.
Mono: successfully reloaded assembly
- Completed reload, in  3.986 seconds
Platform modules already initialized, skipping
Refreshing native plugins compatible for Editor in 1.02 ms, found 2 plugins.
Preloading 0 native plugins for Editor in 0.00 ms.
Unloading 3368 Unused Serialized files (Serialized files now loaded: 0)
System memory in use before: 132.4 MB.
System memory in use after: 132.5 MB.

Unloading 17 unused Assets to reduce memory usage. Loaded Objects now: 3989.
Total: 44.657000 ms (FindLiveObjects: 0.731200 ms CreateObjectMapping: 30.747100 ms MarkObjects: 11.253000 ms  DeleteObjects: 1.921600 ms)

========================================================================
Received Prepare
Registering precompiled user dll's ...
Registered in 0.012720 seconds.
Begin MonoManager ReloadAssembly
Native extension for WindowsStandalone target not found
Refreshing native plugins compatible for Editor in 1.49 ms, found 2 plugins.
Preloading 0 native plugins for Editor in 0.00 ms.
Mono: successfully reloaded assembly
- Completed reload, in  3.872 seconds
Platform modules already initialized, skipping
Refreshing native plugins compatible for Editor in 7.97 ms, found 2 plugins.
Preloading 0 native plugins for Editor in 0.00 ms.
Unloading 3368 Unused Serialized files (Serialized files now loaded: 0)
System memory in use before: 132.4 MB.
System memory in use after: 132.5 MB.

Unloading 17 unused Assets to reduce memory usage. Loaded Objects now: 3993.
Total: 34.846100 ms (FindLiveObjects: 0.599200 ms CreateObjectMapping: 10.449600 ms MarkObjects: 23.554100 ms  DeleteObjects: 0.239300 ms)

========================================================================
Received Prepare
Registering precompiled user dll's ...
Registered in 0.012199 seconds.
Begin MonoManager ReloadAssembly
Native extension for WindowsStandalone target not found
Refreshing native plugins compatible for Editor in 1.82 ms, found 2 plugins.
Preloading 0 native plugins for Editor in 0.00 ms.
Mono: successfully reloaded assembly
- Completed reload, in  3.390 seconds
Platform modules already initialized, skipping
Refreshing native plugins compatible for Editor in 2.72 ms, found 2 plugins.
Preloading 0 native plugins for Editor in 0.00 ms.
Unloading 3368 Unused Serialized files (Serialized files now loaded: 0)
System memory in use before: 132.4 MB.
System memory in use after: 132.5 MB.

Unloading 17 unused Assets to reduce memory usage. Loaded Objects now: 3997.
Total: 8.628600 ms (FindLiveObjects: 0.610800 ms CreateObjectMapping: 0.424500 ms MarkObjects: 7.403600 ms  DeleteObjects: 0.186400 ms)

========================================================================
Received Prepare
Registering precompiled user dll's ...
Registered in 0.033902 seconds.
Begin MonoManager ReloadAssembly
Native extension for WindowsStandalone target not found
Refreshing native plugins compatible for Editor in 1.14 ms, found 2 plugins.
Preloading 0 native plugins for Editor in 0.00 ms.
Mono: successfully reloaded assembly
- Completed reload, in 10.554 seconds
Platform modules already initialized, skipping
Refreshing native plugins compatible for Editor in 1.04 ms, found 2 plugins.
Preloading 0 native plugins for Editor in 0.00 ms.
Unloading 3368 Unused Serialized files (Serialized files now loaded: 0)
System memory in use before: 132.4 MB.
System memory in use after: 132.5 MB.

Unloading 17 unused Assets to reduce memory usage. Loaded Objects now: 4001.
Total: 6.566300 ms (FindLiveObjects: 0.530700 ms CreateObjectMapping: 0.433400 ms MarkObjects: 5.381000 ms  DeleteObjects: 0.218100 ms)

========================================================================
Received Prepare
Registering precompiled user dll's ...
Registered in 0.006111 seconds.
Begin MonoManager ReloadAssembly
Native extension for WindowsStandalone target not found
Refreshing native plugins compatible for Editor in 1.18 ms, found 2 plugins.
Preloading 0 native plugins for Editor in 0.00 ms.
Mono: successfully reloaded assembly
- Completed reload, in  8.229 seconds
Platform modules already initialized, skipping
Refreshing native plugins compatible for Editor in 2.93 ms, found 2 plugins.
Preloading 0 native plugins for Editor in 0.00 ms.
Unloading 3368 Unused Serialized files (Serialized files now loaded: 0)
System memory in use before: 132.4 MB.
System memory in use after: 132.5 MB.

Unloading 17 unused Assets to reduce memory usage. Loaded Objects now: 4005.
Total: 26.547900 ms (FindLiveObjects: 0.664500 ms CreateObjectMapping: 0.710100 ms MarkObjects: 24.144700 ms  DeleteObjects: 1.025500 ms)

========================================================================
Received Prepare
Registering precompiled user dll's ...
Registered in 0.006966 seconds.
Begin MonoManager ReloadAssembly
Native extension for WindowsStandalone target not found
Refreshing native plugins compatible for Editor in 1.22 ms, found 2 plugins.
Preloading 0 native plugins for Editor in 0.00 ms.
Mono: successfully reloaded assembly
- Completed reload, in  3.243 seconds
Platform modules already initialized, skipping
Refreshing native plugins compatible for Editor in 1.37 ms, found 2 plugins.
Preloading 0 native plugins for Editor in 0.00 ms.
Unloading 3368 Unused Serialized files (Serialized files now loaded: 0)
System memory in use before: 132.4 MB.
System memory in use after: 132.5 MB.

Unloading 17 unused Assets to reduce memory usage. Loaded Objects now: 4009.
Total: 4.950400 ms (FindLiveObjects: 0.431700 ms CreateObjectMapping: 0.385500 ms MarkObjects: 3.948100 ms  DeleteObjects: 0.182500 ms)

========================================================================
Received Prepare
Registering precompiled user dll's ...
Registered in 0.049484 seconds.
Begin MonoManager ReloadAssembly
Native extension for WindowsStandalone target not found
Refreshing native plugins compatible for Editor in 1.20 ms, found 2 plugins.
Preloading 0 native plugins for Editor in 0.00 ms.
Mono: successfully reloaded assembly
- Completed reload, in  5.222 seconds
Platform modules already initialized, skipping
Refreshing native plugins compatible for Editor in 1.13 ms, found 2 plugins.
Preloading 0 native plugins for Editor in 0.00 ms.
Unloading 3368 Unused Serialized files (Serialized files now loaded: 0)
System memory in use before: 132.4 MB.
System memory in use after: 132.5 MB.

Unloading 17 unused Assets to reduce memory usage. Loaded Objects now: 4013.
Total: 6.671900 ms (FindLiveObjects: 0.498700 ms CreateObjectMapping: 0.827600 ms MarkObjects: 5.131800 ms  DeleteObjects: 0.209700 ms)

========================================================================
Received Prepare
Registering precompiled user dll's ...
Registered in 0.139047 seconds.
Begin MonoManager ReloadAssembly
Native extension for WindowsStandalone target not found
Refreshing native plugins compatible for Editor in 3.71 ms, found 2 plugins.
Preloading 0 native plugins for Editor in 0.00 ms.
Mono: successfully reloaded assembly
- Completed reload, in  3.415 seconds
Platform modules already initialized, skipping
Refreshing native plugins compatible for Editor in 1.04 ms, found 2 plugins.
Preloading 0 native plugins for Editor in 0.00 ms.
Unloading 3368 Unused Serialized files (Serialized files now loaded: 0)
System memory in use before: 132.4 MB.
System memory in use after: 132.5 MB.

Unloading 17 unused Assets to reduce memory usage. Loaded Objects now: 4017.
Total: 4.361600 ms (FindLiveObjects: 0.491600 ms CreateObjectMapping: 0.341300 ms MarkObjects: 3.351900 ms  DeleteObjects: 0.174300 ms)

========================================================================
Received Prepare
Registering precompiled user dll's ...
Registered in 0.006092 seconds.
Begin MonoManager ReloadAssembly
Native extension for WindowsStandalone target not found
Refreshing native plugins compatible for Editor in 1.05 ms, found 2 plugins.
Preloading 0 native plugins for Editor in 0.00 ms.
Mono: successfully reloaded assembly
- Completed reload, in  2.352 seconds
Platform modules already initialized, skipping
Refreshing native plugins compatible for Editor in 1.33 ms, found 2 plugins.
Preloading 0 native plugins for Editor in 0.00 ms.
Unloading 3368 Unused Serialized files (Serialized files now loaded: 0)
System memory in use before: 132.4 MB.
System memory in use after: 132.5 MB.

Unloading 17 unused Assets to reduce memory usage. Loaded Objects now: 4021.
Total: 5.189000 ms (FindLiveObjects: 0.504200 ms CreateObjectMapping: 0.495500 ms MarkObjects: 4.006000 ms  DeleteObjects: 0.179900 ms)

========================================================================
Received Prepare
Registering precompiled user dll's ...
Registered in 0.158604 seconds.
Begin MonoManager ReloadAssembly
Native extension for WindowsStandalone target not found
Refreshing native plugins compatible for Editor in 1.29 ms, found 2 plugins.
Preloading 0 native plugins for Editor in 0.00 ms.
Mono: successfully reloaded assembly
- Completed reload, in  3.902 seconds
Platform modules already initialized, skipping
Refreshing native plugins compatible for Editor in 1.28 ms, found 2 plugins.
Preloading 0 native plugins for Editor in 0.00 ms.
Unloading 3368 Unused Serialized files (Serialized files now loaded: 0)
System memory in use before: 132.4 MB.
System memory in use after: 132.5 MB.

Unloading 17 unused Assets to reduce memory usage. Loaded Objects now: 4025.
Total: 6.492600 ms (FindLiveObjects: 0.481500 ms CreateObjectMapping: 0.398900 ms MarkObjects: 5.441800 ms  DeleteObjects: 0.167000 ms)

========================================================================
Received Prepare
Registering precompiled user dll's ...
Registered in 0.183552 seconds.
Begin MonoManager ReloadAssembly
Native extension for WindowsStandalone target not found
Refreshing native plugins compatible for Editor in 4.18 ms, found 2 plugins.
Preloading 0 native plugins for Editor in 0.00 ms.
Mono: successfully reloaded assembly
- Completed reload, in  3.537 seconds
Platform modules already initialized, skipping
Refreshing native plugins compatible for Editor in 5.84 ms, found 2 plugins.
Preloading 0 native plugins for Editor in 0.00 ms.
Unloading 3368 Unused Serialized files (Serialized files now loaded: 0)
System memory in use before: 132.4 MB.
System memory in use after: 132.5 MB.

Unloading 17 unused Assets to reduce memory usage. Loaded Objects now: 4029.
Total: 5.036100 ms (FindLiveObjects: 0.519200 ms CreateObjectMapping: 0.573400 ms MarkObjects: 3.775900 ms  DeleteObjects: 0.163800 ms)

========================================================================
Received Prepare
Registering precompiled user dll's ...
Registered in 0.010736 seconds.
Begin MonoManager ReloadAssembly
Native extension for WindowsStandalone target not found
Refreshing native plugins compatible for Editor in 1.04 ms, found 2 plugins.
Preloading 0 native plugins for Editor in 0.00 ms.
Mono: successfully reloaded assembly
- Completed reload, in  3.735 seconds
Platform modules already initialized, skipping
Refreshing native plugins compatible for Editor in 6.37 ms, found 2 plugins.
Preloading 0 native plugins for Editor in 0.00 ms.
Unloading 3368 Unused Serialized files (Serialized files now loaded: 0)
System memory in use before: 132.5 MB.
System memory in use after: 132.6 MB.

Unloading 17 unused Assets to reduce memory usage. Loaded Objects now: 4033.
Total: 126.008500 ms (FindLiveObjects: 2.162900 ms CreateObjectMapping: 1.348600 ms MarkObjects: 122.262500 ms  DeleteObjects: 0.228100 ms)

========================================================================
Received Prepare
Registering precompiled user dll's ...
Registered in 0.027887 seconds.
Begin MonoManager ReloadAssembly
Native extension for WindowsStandalone target not found
Refreshing native plugins compatible for Editor in 1.04 ms, found 2 plugins.
Preloading 0 native plugins for Editor in 0.00 ms.
Mono: successfully reloaded assembly
- Completed reload, in  3.969 seconds
Platform modules already initialized, skipping
Refreshing native plugins compatible for Editor in 2.10 ms, found 2 plugins.
Preloading 0 native plugins for Editor in 0.00 ms.
Unloading 3368 Unused Serialized files (Serialized files now loaded: 0)
System memory in use before: 132.5 MB.
System memory in use after: 132.6 MB.

Unloading 17 unused Assets to reduce memory usage. Loaded Objects now: 4037.
Total: 6.653500 ms (FindLiveObjects: 0.474600 ms CreateObjectMapping: 0.479500 ms MarkObjects: 4.601100 ms  DeleteObjects: 1.095400 ms)

========================================================================
Received Import Request.
  Time since last request: 50655.471841 seconds.
  path: Assets/Scripts/EnemyController.cs
  artifactKey: Guid(f6b32d37b4a15514aa40039225a50c77) Importer(815301076,1909f56bfc062723c751e8b465ee728b)
Start importing Assets/Scripts/EnemyController.cs using Guid(f6b32d37b4a15514aa40039225a50c77) Importer(815301076,1909f56bfc062723c751e8b465ee728b)  -> (artifact id: '00000000000000000000000000000000') in 0.008262 seconds  code(4) message(Build asset version error: assets/scripts/enemycontroller.cs in SourceAssetDB has modification time of '2023-12-11T11:35:23.9915951Z' while content on disk has modification time of '2023-12-11T14:34:49.5740196Z')
  ERROR: Build asset version error: assets/scripts/enemycontroller.cs in SourceAssetDB has modification time of '2023-12-11T11:35:23.9915951Z' while content on disk has modification time of '2023-12-11T14:34:49.5740196Z'
========================================================================
Received Prepare
Registering precompiled user dll's ...
Registered in 0.010157 seconds.
Begin MonoManager ReloadAssembly
Native extension for WindowsStandalone target not found
Refreshing native plugins compatible for Editor in 1.33 ms, found 2 plugins.
Preloading 0 native plugins for Editor in 0.00 ms.
Mono: successfully reloaded assembly
- Completed reload, in  3.412 seconds
Platform modules already initialized, skipping
Refreshing native plugins compatible for Editor in 1.19 ms, found 2 plugins.
Preloading 0 native plugins for Editor in 0.00 ms.
Unloading 3368 Unused Serialized files (Serialized files now loaded: 0)
System memory in use before: 132.5 MB.
System memory in use after: 132.6 MB.

Unloading 17 unused Assets to reduce memory usage. Loaded Objects now: 4041.
Total: 7.219300 ms (FindLiveObjects: 0.413700 ms CreateObjectMapping: 0.303500 ms MarkObjects: 6.319100 ms  DeleteObjects: 0.179300 ms)

========================================================================
Received Import Request.
  Time since last request: 38.569923 seconds.
  path: Assets/Scripts/EnemyController.cs
  artifactKey: Guid(f6b32d37b4a15514aa40039225a50c77) Importer(815301076,1909f56bfc062723c751e8b465ee728b)
Start importing Assets/Scripts/EnemyController.cs using Guid(f6b32d37b4a15514aa40039225a50c77) Importer(815301076,1909f56bfc062723c751e8b465ee728b)  -> (artifact id: 'eae3d04dc2cd922d649dca6af7a22d44') in 0.045963 seconds 
========================================================================
Received Prepare
Registering precompiled user dll's ...
Registered in 0.083788 seconds.
Begin MonoManager ReloadAssembly
Native extension for WindowsStandalone target not found
Refreshing native plugins compatible for Editor in 1.10 ms, found 2 plugins.
Preloading 0 native plugins for Editor in 0.00 ms.
Mono: successfully reloaded assembly
- Completed reload, in  2.543 seconds
Platform modules already initialized, skipping
Refreshing native plugins compatible for Editor in 1.28 ms, found 2 plugins.
Preloading 0 native plugins for Editor in 0.00 ms.
Unloading 3368 Unused Serialized files (Serialized files now loaded: 0)
System memory in use before: 132.5 MB.
System memory in use after: 132.6 MB.

Unloading 17 unused Assets to reduce memory usage. Loaded Objects now: 4045.
Total: 5.212300 ms (FindLiveObjects: 0.560300 ms CreateObjectMapping: 0.389200 ms MarkObjects: 4.074600 ms  DeleteObjects: 0.185000 ms)

========================================================================
Received Prepare
Registering precompiled user dll's ...
Registered in 0.013008 seconds.
Begin MonoManager ReloadAssembly
Native extension for WindowsStandalone target not found
Refreshing native plugins compatible for Editor in 1.36 ms, found 2 plugins.
Preloading 0 native plugins for Editor in 0.00 ms.
Mono: successfully reloaded assembly
- Completed reload, in  5.068 seconds
Platform modules already initialized, skipping
Refreshing native plugins compatible for Editor in 1.78 ms, found 2 plugins.
Preloading 0 native plugins for Editor in 0.00 ms.
Unloading 3368 Unused Serialized files (Serialized files now loaded: 0)
System memory in use before: 132.5 MB.
System memory in use after: 132.6 MB.

Unloading 17 unused Assets to reduce memory usage. Loaded Objects now: 4049.
Total: 6.926800 ms (FindLiveObjects: 1.330200 ms CreateObjectMapping: 0.474600 ms MarkObjects: 4.126400 ms  DeleteObjects: 0.990900 ms)

========================================================================
Received Prepare
Registering precompiled user dll's ...
Registered in 0.017511 seconds.
Begin MonoManager ReloadAssembly
Native extension for WindowsStandalone target not found
Refreshing native plugins compatible for Editor in 1.15 ms, found 2 plugins.
Preloading 0 native plugins for Editor in 0.00 ms.
Mono: successfully reloaded assembly
- Completed reload, in  3.332 seconds
Platform modules already initialized, skipping
Refreshing native plugins compatible for Editor in 1.05 ms, found 2 plugins.
Preloading 0 native plugins for Editor in 0.00 ms.
Unloading 3368 Unused Serialized files (Serialized files now loaded: 0)
System memory in use before: 132.5 MB.
System memory in use after: 132.6 MB.

Unloading 17 unused Assets to reduce memory usage. Loaded Objects now: 4053.
Total: 4.666700 ms (FindLiveObjects: 0.514100 ms CreateObjectMapping: 0.402800 ms MarkObjects: 3.566700 ms  DeleteObjects: 0.180400 ms)

========================================================================
Received Prepare
Registering precompiled user dll's ...
Registered in 0.032363 seconds.
Begin MonoManager ReloadAssembly
Native extension for WindowsStandalone target not found
Refreshing native plugins compatible for Editor in 1.09 ms, found 2 plugins.
Preloading 0 native plugins for Editor in 0.00 ms.
Mono: successfully reloaded assembly
- Completed reload, in  3.730 seconds
Platform modules already initialized, skipping
Refreshing native plugins compatible for Editor in 1.09 ms, found 2 plugins.
Preloading 0 native plugins for Editor in 0.00 ms.
Unloading 3368 Unused Serialized files (Serialized files now loaded: 0)
System memory in use before: 132.5 MB.
System memory in use after: 132.6 MB.

Unloading 17 unused Assets to reduce memory usage. Loaded Objects now: 4057.
Total: 9.833200 ms (FindLiveObjects: 0.708900 ms CreateObjectMapping: 0.466200 ms MarkObjects: 7.685800 ms  DeleteObjects: 0.969300 ms)

========================================================================
Received Import Request.
  Time since last request: 1077.531241 seconds.
  path: Assets/Scripts/EnemyController.cs
  artifactKey: Guid(f6b32d37b4a15514aa40039225a50c77) Importer(815301076,1909f56bfc062723c751e8b465ee728b)
Start importing Assets/Scripts/EnemyController.cs using Guid(f6b32d37b4a15514aa40039225a50c77) Importer(815301076,1909f56bfc062723c751e8b465ee728b)  -> (artifact id: '8bbc46a324139334e9297f5b9e4089bd') in 0.250688 seconds 
========================================================================
Received Prepare
Registering precompiled user dll's ...
Registered in 0.023718 seconds.
Begin MonoManager ReloadAssembly
Native extension for WindowsStandalone target not found
Refreshing native plugins compatible for Editor in 1.40 ms, found 2 plugins.
Preloading 0 native plugins for Editor in 0.00 ms.
Mono: successfully reloaded assembly
- Completed reload, in  5.319 seconds
Platform modules already initialized, skipping
Refreshing native plugins compatible for Editor in 1.02 ms, found 2 plugins.
Preloading 0 native plugins for Editor in 0.00 ms.
Unloading 3368 Unused Serialized files (Serialized files now loaded: 0)
System memory in use before: 132.5 MB.
System memory in use after: 132.6 MB.

Unloading 17 unused Assets to reduce memory usage. Loaded Objects now: 4061.
Total: 5.617300 ms (FindLiveObjects: 0.791700 ms CreateObjectMapping: 0.601600 ms MarkObjects: 4.050600 ms  DeleteObjects: 0.169900 ms)

========================================================================
Received Prepare
Registering precompiled user dll's ...
Registered in 0.194054 seconds.
Begin MonoManager ReloadAssembly
Native extension for WindowsStandalone target not found
Refreshing native plugins compatible for Editor in 3.02 ms, found 2 plugins.
Preloading 0 native plugins for Editor in 0.00 ms.
Mono: successfully reloaded assembly
- Completed reload, in  3.117 seconds
Platform modules already initialized, skipping
Refreshing native plugins compatible for Editor in 1.02 ms, found 2 plugins.
Preloading 0 native plugins for Editor in 0.00 ms.
Unloading 3368 Unused Serialized files (Serialized files now loaded: 0)
System memory in use before: 132.5 MB.
System memory in use after: 132.6 MB.

Unloading 17 unused Assets to reduce memory usage. Loaded Objects now: 4065.
Total: 6.473200 ms (FindLiveObjects: 1.812100 ms CreateObjectMapping: 0.453100 ms MarkObjects: 3.978800 ms  DeleteObjects: 0.225900 ms)

========================================================================
Received Import Request.
  Time since last request: 578.818773 seconds.
  path: Assets/Scripts/PlayerController.cs
  artifactKey: Guid(73b4fa26e733658438d37b227c91e212) Importer(815301076,1909f56bfc062723c751e8b465ee728b)
Start importing Assets/Scripts/PlayerController.cs using Guid(73b4fa26e733658438d37b227c91e212) Importer(815301076,1909f56bfc062723c751e8b465ee728b)  -> (artifact id: 'b2175f7554a80ae16659da728dd09dd6') in 0.020421 seconds 
========================================================================
Received Prepare
Registering precompiled user dll's ...
Registered in 0.007183 seconds.
Begin MonoManager ReloadAssembly
Native extension for WindowsStandalone target not found
Refreshing native plugins compatible for Editor in 1.04 ms, found 2 plugins.
Preloading 0 native plugins for Editor in 0.00 ms.
Mono: successfully reloaded assembly
- Completed reload, in  4.611 seconds
Platform modules already initialized, skipping
Refreshing native plugins compatible for Editor in 1.02 ms, found 2 plugins.
Preloading 0 native plugins for Editor in 0.00 ms.
Unloading 3368 Unused Serialized files (Serialized files now loaded: 0)
System memory in use before: 132.5 MB.
System memory in use after: 132.6 MB.

Unloading 17 unused Assets to reduce memory usage. Loaded Objects now: 4069.
Total: 5.448900 ms (FindLiveObjects: 0.439200 ms CreateObjectMapping: 0.784700 ms MarkObjects: 4.040000 ms  DeleteObjects: 0.182100 ms)

========================================================================
Received Prepare
Registering precompiled user dll's ...
Registered in 0.007413 seconds.
Begin MonoManager ReloadAssembly
Native extension for WindowsStandalone target not found
Refreshing native plugins compatible for Editor in 1.16 ms, found 2 plugins.
Preloading 0 native plugins for Editor in 0.00 ms.
Mono: successfully reloaded assembly
- Completed reload, in  3.895 seconds
Platform modules already initialized, skipping
Refreshing native plugins compatible for Editor in 1.08 ms, found 2 plugins.
Preloading 0 native plugins for Editor in 0.00 ms.
Unloading 3368 Unused Serialized files (Serialized files now loaded: 0)
System memory in use before: 132.5 MB.
System memory in use after: 132.6 MB.

Unloading 17 unused Assets to reduce memory usage. Loaded Objects now: 4073.
Total: 39.632100 ms (FindLiveObjects: 0.587200 ms CreateObjectMapping: 2.143600 ms MarkObjects: 35.581100 ms  DeleteObjects: 1.316600 ms)

========================================================================
Received Prepare
Registering precompiled user dll's ...
Registered in 0.029407 seconds.
Begin MonoManager ReloadAssembly
Native extension for WindowsStandalone target not found
Refreshing native plugins compatible for Editor in 1.17 ms, found 2 plugins.
Preloading 0 native plugins for Editor in 0.00 ms.
Mono: successfully reloaded assembly
- Completed reload, in  4.077 seconds
Platform modules already initialized, skipping
Refreshing native plugins compatible for Editor in 1.13 ms, found 2 plugins.
Preloading 0 native plugins for Editor in 0.00 ms.
Unloading 3368 Unused Serialized files (Serialized files now loaded: 0)
System memory in use before: 132.5 MB.
System memory in use after: 132.7 MB.

Unloading 17 unused Assets to reduce memory usage. Loaded Objects now: 4077.
Total: 9.579500 ms (FindLiveObjects: 0.551200 ms CreateObjectMapping: 0.453900 ms MarkObjects: 8.373700 ms  DeleteObjects: 0.197000 ms)

========================================================================
Received Prepare
Registering precompiled user dll's ...
Registered in 0.009931 seconds.
Begin MonoManager ReloadAssembly
Native extension for WindowsStandalone target not found
Refreshing native plugins compatible for Editor in 1.04 ms, found 2 plugins.
Preloading 0 native plugins for Editor in 0.00 ms.
Mono: successfully reloaded assembly
- Completed reload, in  5.361 seconds
Platform modules already initialized, skipping
Refreshing native plugins compatible for Editor in 1.20 ms, found 2 plugins.
Preloading 0 native plugins for Editor in 0.00 ms.
Unloading 3368 Unused Serialized files (Serialized files now loaded: 0)
System memory in use before: 132.6 MB.
System memory in use after: 132.7 MB.

Unloading 17 unused Assets to reduce memory usage. Loaded Objects now: 4081.
Total: 6.974800 ms (FindLiveObjects: 2.264900 ms CreateObjectMapping: 0.474700 ms MarkObjects: 4.008400 ms  DeleteObjects: 0.222800 ms)

========================================================================
Received Prepare
Registering precompiled user dll's ...
Registered in 0.007213 seconds.
Begin MonoManager ReloadAssembly
Native extension for WindowsStandalone target not found
Refreshing native plugins compatible for Editor in 5.24 ms, found 2 plugins.
Preloading 0 native plugins for Editor in 0.00 ms.
Mono: successfully reloaded assembly
- Completed reload, in  5.289 seconds
Platform modules already initialized, skipping
Refreshing native plugins compatible for Editor in 2.10 ms, found 2 plugins.
Preloading 0 native plugins for Editor in 0.00 ms.
Unloading 3368 Unused Serialized files (Serialized files now loaded: 0)
System memory in use before: 132.6 MB.
System memory in use after: 132.7 MB.

Unloading 17 unused Assets to reduce memory usage. Loaded Objects now: 4085.
Total: 5.776600 ms (FindLiveObjects: 0.564000 ms CreateObjectMapping: 0.367600 ms MarkObjects: 4.671600 ms  DeleteObjects: 0.169400 ms)

========================================================================
Received Import Request.
  Time since last request: 385.759820 seconds.
  path: Assets/Scripts/EnemyController.cs
  artifactKey: Guid(f6b32d37b4a15514aa40039225a50c77) Importer(815301076,1909f56bfc062723c751e8b465ee728b)
Start importing Assets/Scripts/EnemyController.cs using Guid(f6b32d37b4a15514aa40039225a50c77) Importer(815301076,1909f56bfc062723c751e8b465ee728b)  -> (artifact id: '4dac6b3883d5ceddca015711ccc946d1') in 0.044171 seconds 
========================================================================
Received Prepare
Registering precompiled user dll's ...
Registered in 0.010339 seconds.
Begin MonoManager ReloadAssembly
Native extension for WindowsStandalone target not found
Refreshing native plugins compatible for Editor in 1.15 ms, found 2 plugins.
Preloading 0 native plugins for Editor in 0.00 ms.
Mono: successfully reloaded assembly
- Completed reload, in  3.170 seconds
Platform modules already initialized, skipping
Refreshing native plugins compatible for Editor in 1.04 ms, found 2 plugins.
Preloading 0 native plugins for Editor in 0.00 ms.
Unloading 3368 Unused Serialized files (Serialized files now loaded: 0)
System memory in use before: 132.6 MB.
System memory in use after: 132.7 MB.

Unloading 17 unused Assets to reduce memory usage. Loaded Objects now: 4089.
Total: 17.241400 ms (FindLiveObjects: 10.333000 ms CreateObjectMapping: 0.618800 ms MarkObjects: 6.106000 ms  DeleteObjects: 0.180600 ms)

========================================================================
Received Prepare
Registering precompiled user dll's ...
Registered in 0.006029 seconds.
Begin MonoManager ReloadAssembly
Native extension for WindowsStandalone target not found
Refreshing native plugins compatible for Editor in 1.41 ms, found 2 plugins.
Preloading 0 native plugins for Editor in 0.00 ms.
Mono: successfully reloaded assembly
- Completed reload, in  3.155 seconds
Platform modules already initialized, skipping
Refreshing native plugins compatible for Editor in 1.15 ms, found 2 plugins.
Preloading 0 native plugins for Editor in 0.00 ms.
Unloading 3368 Unused Serialized files (Serialized files now loaded: 0)
System memory in use before: 132.6 MB.
System memory in use after: 132.7 MB.

Unloading 17 unused Assets to reduce memory usage. Loaded Objects now: 4093.
Total: 9.743300 ms (FindLiveObjects: 0.480600 ms CreateObjectMapping: 0.362200 ms MarkObjects: 8.728800 ms  DeleteObjects: 0.168300 ms)

========================================================================
Received Prepare
Registering precompiled user dll's ...
Registered in 0.008474 seconds.
Begin MonoManager ReloadAssembly
Native extension for WindowsStandalone target not found
Refreshing native plugins compatible for Editor in 1.15 ms, found 2 plugins.
Preloading 0 native plugins for Editor in 0.00 ms.
Mono: successfully reloaded assembly
- Completed reload, in  5.963 seconds
Platform modules already initialized, skipping
Refreshing native plugins compatible for Editor in 12.50 ms, found 2 plugins.
Preloading 0 native plugins for Editor in 0.00 ms.
Unloading 3368 Unused Serialized files (Serialized files now loaded: 0)
System memory in use before: 132.6 MB.
System memory in use after: 132.7 MB.

Unloading 17 unused Assets to reduce memory usage. Loaded Objects now: 4097.
Total: 4.937100 ms (FindLiveObjects: 0.466000 ms CreateObjectMapping: 0.403700 ms MarkObjects: 3.882200 ms  DeleteObjects: 0.181300 ms)

========================================================================
Received Import Request.
  Time since last request: 336.399490 seconds.
  path: Assets/Scripts/EnemyController.cs
  artifactKey: Guid(f6b32d37b4a15514aa40039225a50c77) Importer(815301076,1909f56bfc062723c751e8b465ee728b)
Start importing Assets/Scripts/EnemyController.cs using Guid(f6b32d37b4a15514aa40039225a50c77) Importer(815301076,1909f56bfc062723c751e8b465ee728b)  -> (artifact id: '06b67b775dc3904fea52175ebd4df822') in 0.012441 seconds 
========================================================================
Received Prepare
Registering precompiled user dll's ...
Registered in 0.015459 seconds.
Begin MonoManager ReloadAssembly
Native extension for WindowsStandalone target not found
Refreshing native plugins compatible for Editor in 1.05 ms, found 2 plugins.
Preloading 0 native plugins for Editor in 0.00 ms.
Mono: successfully reloaded assembly
- Completed reload, in  4.063 seconds
Platform modules already initialized, skipping
Refreshing native plugins compatible for Editor in 1.04 ms, found 2 plugins.
Preloading 0 native plugins for Editor in 0.00 ms.
Unloading 3368 Unused Serialized files (Serialized files now loaded: 0)
System memory in use before: 132.6 MB.
System memory in use after: 132.7 MB.

Unloading 17 unused Assets to reduce memory usage. Loaded Objects now: 4101.
Total: 15.613900 ms (FindLiveObjects: 0.538700 ms CreateObjectMapping: 0.389000 ms MarkObjects: 14.161900 ms  DeleteObjects: 0.520100 ms)

========================================================================
Received Import Request.
  Time since last request: 48.114807 seconds.
  path: Assets/Scripts/EnemyController.cs
  artifactKey: Guid(f6b32d37b4a15514aa40039225a50c77) Importer(815301076,1909f56bfc062723c751e8b465ee728b)
Start importing Assets/Scripts/EnemyController.cs using Guid(f6b32d37b4a15514aa40039225a50c77) Importer(815301076,1909f56bfc062723c751e8b465ee728b)  -> (artifact id: 'cb340325205f90b5f0bf9d49e083d9a5') in 0.013775 seconds 
========================================================================
Received Prepare
Registering precompiled user dll's ...
Registered in 0.010395 seconds.
Begin MonoManager ReloadAssembly
Native extension for WindowsStandalone target not found
Refreshing native plugins compatible for Editor in 1.08 ms, found 2 plugins.
Preloading 0 native plugins for Editor in 0.00 ms.
Mono: successfully reloaded assembly
- Completed reload, in  5.783 seconds
Platform modules already initialized, skipping
Refreshing native plugins compatible for Editor in 6.02 ms, found 2 plugins.
Preloading 0 native plugins for Editor in 0.00 ms.
Unloading 3368 Unused Serialized files (Serialized files now loaded: 0)
System memory in use before: 132.6 MB.
System memory in use after: 132.7 MB.

Unloading 17 unused Assets to reduce memory usage. Loaded Objects now: 4105.
Total: 17.348000 ms (FindLiveObjects: 0.427000 ms CreateObjectMapping: 0.363700 ms MarkObjects: 16.384400 ms  DeleteObjects: 0.169100 ms)

========================================================================
Received Import Request.
  Time since last request: 117.406806 seconds.
  path: Assets/Scripts/EnemyController.cs
  artifactKey: Guid(f6b32d37b4a15514aa40039225a50c77) Importer(815301076,1909f56bfc062723c751e8b465ee728b)
Start importing Assets/Scripts/EnemyController.cs using Guid(f6b32d37b4a15514aa40039225a50c77) Importer(815301076,1909f56bfc062723c751e8b465ee728b)  -> (artifact id: '1796288502f44a6978ad20ac61ed5380') in 0.011891 seconds 
========================================================================
Received Prepare
Registering precompiled user dll's ...
Registered in 0.008556 seconds.
Begin MonoManager ReloadAssembly
Native extension for WindowsStandalone target not found
Refreshing native plugins compatible for Editor in 1.05 ms, found 2 plugins.
Preloading 0 native plugins for Editor in 0.00 ms.
Mono: successfully reloaded assembly
- Completed reload, in  3.752 seconds
Platform modules already initialized, skipping
Refreshing native plugins compatible for Editor in 1.04 ms, found 2 plugins.
Preloading 0 native plugins for Editor in 0.00 ms.
Unloading 3368 Unused Serialized files (Serialized files now loaded: 0)
System memory in use before: 132.6 MB.
System memory in use after: 132.7 MB.

Unloading 17 unused Assets to reduce memory usage. Loaded Objects now: 4109.
Total: 52.702000 ms (FindLiveObjects: 1.140100 ms CreateObjectMapping: 9.076100 ms MarkObjects: 40.525400 ms  DeleteObjects: 1.955700 ms)

========================================================================
Received Prepare
Registering precompiled user dll's ...
Registered in 0.006198 seconds.
Begin MonoManager ReloadAssembly
Native extension for WindowsStandalone target not found
Refreshing native plugins compatible for Editor in 1.07 ms, found 2 plugins.
Preloading 0 native plugins for Editor in 0.00 ms.
Mono: successfully reloaded assembly
- Completed reload, in  4.065 seconds
Platform modules already initialized, skipping
Refreshing native plugins compatible for Editor in 1.02 ms, found 2 plugins.
Preloading 0 native plugins for Editor in 0.00 ms.
Unloading 3368 Unused Serialized files (Serialized files now loaded: 0)
System memory in use before: 132.6 MB.
System memory in use after: 132.7 MB.

Unloading 17 unused Assets to reduce memory usage. Loaded Objects now: 4113.
Total: 4.241300 ms (FindLiveObjects: 0.405900 ms CreateObjectMapping: 0.255700 ms MarkObjects: 3.412100 ms  DeleteObjects: 0.164900 ms)

========================================================================
Received Prepare
Registering precompiled user dll's ...
Registered in 0.076979 seconds.
Begin MonoManager ReloadAssembly
Native extension for WindowsStandalone target not found
Refreshing native plugins compatible for Editor in 1.19 ms, found 2 plugins.
Preloading 0 native plugins for Editor in 0.00 ms.
Mono: successfully reloaded assembly
- Completed reload, in  3.962 seconds
Platform modules already initialized, skipping
Refreshing native plugins compatible for Editor in 4.74 ms, found 2 plugins.
Preloading 0 native plugins for Editor in 0.00 ms.
Unloading 3368 Unused Serialized files (Serialized files now loaded: 0)
System memory in use before: 132.6 MB.
System memory in use after: 132.7 MB.

Unloading 17 unused Assets to reduce memory usage. Loaded Objects now: 4117.
Total: 50.447200 ms (FindLiveObjects: 2.554600 ms CreateObjectMapping: 3.136200 ms MarkObjects: 34.994300 ms  DeleteObjects: 9.757900 ms)

========================================================================
Received Prepare
Registering precompiled user dll's ...
Registered in 0.005875 seconds.
Begin MonoManager ReloadAssembly
Native extension for WindowsStandalone target not found
Refreshing native plugins compatible for Editor in 43.45 ms, found 2 plugins.
Preloading 0 native plugins for Editor in 0.00 ms.
Mono: successfully reloaded assembly
- Completed reload, in  5.687 seconds
Platform modules already initialized, skipping
Refreshing native plugins compatible for Editor in 1.05 ms, found 2 plugins.
Preloading 0 native plugins for Editor in 0.00 ms.
Unloading 3368 Unused Serialized files (Serialized files now loaded: 0)
System memory in use before: 132.6 MB.
System memory in use after: 132.7 MB.

Unloading 17 unused Assets to reduce memory usage. Loaded Objects now: 4121.
Total: 4.523000 ms (FindLiveObjects: 0.424100 ms CreateObjectMapping: 0.264700 ms MarkObjects: 3.661700 ms  DeleteObjects: 0.168700 ms)

