Using pre-set license
Built from '2021.1/staging' branch; Version is '2021.1.6f1 (c0fade0cc7e9) revision 12647134'; Using compiler version '192528614'; Build Type 'Release'
OS: 'Windows 10 Pro; OS build 19045.2486; Version 2009; 64bit' Language: 'ru' Physical Memory: 7805 MB
BatchMode: 1, IsHumanControllingUs: 0, StartBugReporterOnCrash: 0, Is64bit: 1, IsPro: 0

 COMMAND LINE ARGUMENTS:
C:\Program Files\Unity 2021.1.6f1\Editor\Unity.exe
-adb2
-batchMode
-noUpm
-name
AssetImportWorker6
-projectPath
G:/Учеба/C#/Unity задачи/Game2D
-logFile
Logs/AssetImportWorker6.log
-srvPort
54878
Successfully changed project path to: G:/Учеба/C#/Unity задачи/Game2D
G:/Учеба/C#/Unity задачи/Game2D
Using Asset Import Pipeline V2.
Refreshing native plugins compatible for Editor in 349.59 ms, found 2 plugins.
Preloading 0 native plugins for Editor in 0.00 ms.
Initialize engine version: 2021.1.6f1 (c0fade0cc7e9)
[Subsystems] Discovering subsystems at path C:/Program Files/Unity 2021.1.6f1/Editor/Data/Resources/UnitySubsystems
[Subsystems] Discovering subsystems at path G:/Учеба/C#/Unity задачи/Game2D/Assets
GfxDevice: creating device client; threaded=0; jobified=0
Direct3D:
    Version:  Direct3D 11.0 [level 11.0]
    Renderer: Intel(R) HD Graphics (ID=0x156)
    Vendor:   Intel
    VRAM:     128 MB
    Driver:   10.18.10.5161
Initialize mono
Mono path[0] = 'C:/Program Files/Unity 2021.1.6f1/Editor/Data/Managed'
Mono path[1] = 'C:/Program Files/Unity 2021.1.6f1/Editor/Data/MonoBleedingEdge/lib/mono/unityjit'
Mono config path = 'C:/Program Files/Unity 2021.1.6f1/Editor/Data/MonoBleedingEdge/etc'
Using monoOptions --debugger-agent=transport=dt_socket,embedding=1,server=y,suspend=n,address=127.0.0.1:56740
Begin MonoManager ReloadAssembly
Registering precompiled unity dll's ...
Register platform support module: C:/Program Files/Unity 2021.1.6f1/Editor/Data/PlaybackEngines/WindowsStandaloneSupport/UnityEditor.WindowsStandalone.Extensions.dll
Registered in 0.008130 seconds.
Native extension for WindowsStandalone target not found
Refreshing native plugins compatible for Editor in 286.21 ms, found 2 plugins.
Preloading 0 native plugins for Editor in 0.00 ms.
Mono: successfully reloaded assembly
- Completed reload, in  3.556 seconds
Platform modules already initialized, skipping
Registering precompiled user dll's ...
Registered in 0.015922 seconds.
Begin MonoManager ReloadAssembly
Native extension for WindowsStandalone target not found
Refreshing native plugins compatible for Editor in 281.40 ms, found 2 plugins.
Preloading 0 native plugins for Editor in 0.00 ms.
Mono: successfully reloaded assembly
- Completed reload, in  4.055 seconds
Platform modules already initialized, skipping
========================================================================
Worker process is ready to serve import requests
Launched and connected shader compiler UnityShaderCompiler.exe after 0.73 seconds
Refreshing native plugins compatible for Editor in 1.08 ms, found 2 plugins.
Preloading 0 native plugins for Editor in 0.00 ms.
Unloading 3374 Unused Serialized files (Serialized files now loaded: 0)
System memory in use before: 128.1 MB.
System memory in use after: 128.2 MB.

Unloading 29 unused Assets to reduce memory usage. Loaded Objects now: 3829.
Total: 7.308300 ms (FindLiveObjects: 0.382100 ms CreateObjectMapping: 0.377600 ms MarkObjects: 6.321900 ms  DeleteObjects: 0.223600 ms)

========================================================================
Received Prepare
Registering precompiled user dll's ...
Registered in 0.075720 seconds.
Begin MonoManager ReloadAssembly
Native extension for WindowsStandalone target not found
Refreshing native plugins compatible for Editor in 1.06 ms, found 2 plugins.
Preloading 0 native plugins for Editor in 0.00 ms.
Mono: successfully reloaded assembly
- Completed reload, in  2.401 seconds
Platform modules already initialized, skipping
Refreshing native plugins compatible for Editor in 2.34 ms, found 2 plugins.
Preloading 0 native plugins for Editor in 0.00 ms.
Unloading 3369 Unused Serialized files (Serialized files now loaded: 0)
System memory in use before: 128.1 MB.
System memory in use after: 128.2 MB.

Unloading 17 unused Assets to reduce memory usage. Loaded Objects now: 3833.
Total: 11.609900 ms (FindLiveObjects: 0.519700 ms CreateObjectMapping: 6.003600 ms MarkObjects: 4.894300 ms  DeleteObjects: 0.189100 ms)

========================================================================
Received Import Request.
  path: Assets/Fonts
  artifactKey: Guid(604f33d2cc4751647a8a6b58093fed7b) Importer(815301076,1909f56bfc062723c751e8b465ee728b)
Start importing Assets/Fonts using Guid(604f33d2cc4751647a8a6b58093fed7b) Importer(815301076,1909f56bfc062723c751e8b465ee728b)  -> (artifact id: '9e0a738aa8591e4d96dbfd0e75799940') in 0.047624 seconds 
========================================================================
Received Import Request.
  Time since last request: 0.000418 seconds.
  path: Assets/Fonts/JazzCreateBubble.ttf
  artifactKey: Guid(58b647c5b2ec4184e9a07a561cdf0644) Importer(815301076,1909f56bfc062723c751e8b465ee728b)
Start importing Assets/Fonts/JazzCreateBubble.ttf using Guid(58b647c5b2ec4184e9a07a561cdf0644) Importer(815301076,1909f56bfc062723c751e8b465ee728b)  -> (artifact id: 'f56d5ef1dec351818f4bb22d720d98eb') in 0.545645 seconds 
========================================================================
Received Import Request.
  Time since last request: 0.002495 seconds.
  path: Assets/Fonts/UIsprite
  artifactKey: Guid(649fd21005387924f928577cea7a3fae) Importer(815301076,1909f56bfc062723c751e8b465ee728b)
Start importing Assets/Fonts/UIsprite using Guid(649fd21005387924f928577cea7a3fae) Importer(815301076,1909f56bfc062723c751e8b465ee728b)  -> (artifact id: 'd5fed731bc316d508470d878409ae5ca') in 0.028761 seconds 
========================================================================
Received Import Request.
  Time since last request: 0.000643 seconds.
  path: Assets/Fonts/UIsprite/JazzCreateFontUI1024x512.png
  artifactKey: Guid(d61d12d2d79f7244e9f4de798743e099) Importer(815301076,1909f56bfc062723c751e8b465ee728b)
Start importing Assets/Fonts/UIsprite/JazzCreateFontUI1024x512.png using Guid(d61d12d2d79f7244e9f4de798743e099) Importer(815301076,1909f56bfc062723c751e8b465ee728b)  -> (artifact id: 'add2a03d8839598b6c15c200c8d0b2e9') in 0.256769 seconds 
========================================================================
Received Import Request.
  Time since last request: 1.355497 seconds.
  path: Assets/Fonts/Script
  artifactKey: Guid(9ea026a6282c34b4d9366aa4e30de9c9) Importer(815301076,1909f56bfc062723c751e8b465ee728b)
Start importing Assets/Fonts/Script using Guid(9ea026a6282c34b4d9366aa4e30de9c9) Importer(815301076,1909f56bfc062723c751e8b465ee728b)  -> (artifact id: '8a6e1b2f9a450f9283f553a643224fb6') in 0.030328 seconds 
========================================================================
Received Import Request.
  Time since last request: 281.247969 seconds.
  path: ProjectSettings/TagManager.asset
  artifactKey: Guid(00000000000000003000000000000000) Importer(815301076,1909f56bfc062723c751e8b465ee728b)
Start importing ProjectSettings/TagManager.asset using Guid(00000000000000003000000000000000) Importer(815301076,1909f56bfc062723c751e8b465ee728b)  -> (artifact id: '95df672b4aaba54310d34c83eef51bb8') in 0.120053 seconds 
========================================================================
Received Prepare
Registering precompiled user dll's ...
Registered in 0.082372 seconds.
Begin MonoManager ReloadAssembly
Native extension for WindowsStandalone target not found
Refreshing native plugins compatible for Editor in 1.15 ms, found 2 plugins.
Preloading 0 native plugins for Editor in 0.00 ms.
Mono: successfully reloaded assembly
- Completed reload, in  2.820 seconds
Platform modules already initialized, skipping
Script is not up to date after domain reload: guid(2b04365626996284aad48bdb88e20f1e) path("Assets/Scripts/MoveEnemy.cs") state(2)
Refreshing native plugins compatible for Editor in 11.10 ms, found 2 plugins.
Preloading 0 native plugins for Editor in 0.00 ms.
Unloading 3370 Unused Serialized files (Serialized files now loaded: 0)
System memory in use before: 133.7 MB.
System memory in use after: 133.8 MB.

Unloading 19 unused Assets to reduce memory usage. Loaded Objects now: 3913.
Total: 404.725000 ms (FindLiveObjects: 3.012900 ms CreateObjectMapping: 3.395700 ms MarkObjects: 398.069000 ms  DeleteObjects: 0.243400 ms)

========================================================================
Received Prepare
Registering precompiled user dll's ...
Registered in 0.009645 seconds.
Begin MonoManager ReloadAssembly
Native extension for WindowsStandalone target not found
Refreshing native plugins compatible for Editor in 2.08 ms, found 2 plugins.
Preloading 0 native plugins for Editor in 0.00 ms.
Mono: successfully reloaded assembly
- Completed reload, in 12.395 seconds
Platform modules already initialized, skipping
Refreshing native plugins compatible for Editor in 1.81 ms, found 2 plugins.
Preloading 0 native plugins for Editor in 0.00 ms.
Unloading 3369 Unused Serialized files (Serialized files now loaded: 0)
System memory in use before: 133.6 MB.
System memory in use after: 133.7 MB.

Unloading 17 unused Assets to reduce memory usage. Loaded Objects now: 3918.
Total: 6.521800 ms (FindLiveObjects: 0.401900 ms CreateObjectMapping: 0.605300 ms MarkObjects: 5.333500 ms  DeleteObjects: 0.178300 ms)

========================================================================
Received Import Request.
  Time since last request: 313.140437 seconds.
  path: Assets/Scripts/MoveEnemy.cs
  artifactKey: Guid(2b04365626996284aad48bdb88e20f1e) Importer(815301076,1909f56bfc062723c751e8b465ee728b)
Start importing Assets/Scripts/MoveEnemy.cs using Guid(2b04365626996284aad48bdb88e20f1e) Importer(815301076,1909f56bfc062723c751e8b465ee728b)  -> (artifact id: '00000000000000000000000000000000') in 0.019917 seconds  code(4) message(Build asset version error: assets/scripts/moveenemy.cs in SourceAssetDB has modification time of '2023-12-06T17:15:09.6232852Z' while content on disk has modification time of '2023-12-06T17:16:28.392255Z')
  ERROR: Build asset version error: assets/scripts/moveenemy.cs in SourceAssetDB has modification time of '2023-12-06T17:15:09.6232852Z' while content on disk has modification time of '2023-12-06T17:16:28.392255Z'
========================================================================
Received Prepare
Registering precompiled user dll's ...
Registered in 0.006568 seconds.
Begin MonoManager ReloadAssembly
Native extension for WindowsStandalone target not found
Refreshing native plugins compatible for Editor in 1.11 ms, found 2 plugins.
Preloading 0 native plugins for Editor in 0.00 ms.
Mono: successfully reloaded assembly
- Completed reload, in  4.664 seconds
Platform modules already initialized, skipping
Refreshing native plugins compatible for Editor in 1.12 ms, found 2 plugins.
Preloading 0 native plugins for Editor in 0.00 ms.
Unloading 3369 Unused Serialized files (Serialized files now loaded: 0)
System memory in use before: 133.7 MB.
System memory in use after: 133.8 MB.

Unloading 17 unused Assets to reduce memory usage. Loaded Objects now: 3922.
Total: 12.946100 ms (FindLiveObjects: 4.876600 ms CreateObjectMapping: 0.370300 ms MarkObjects: 7.496500 ms  DeleteObjects: 0.199100 ms)

========================================================================
Received Import Request.
  Time since last request: 48.782882 seconds.
  path: Assets/Scripts/MoveEnemy.cs
  artifactKey: Guid(2b04365626996284aad48bdb88e20f1e) Importer(815301076,1909f56bfc062723c751e8b465ee728b)
Start importing Assets/Scripts/MoveEnemy.cs using Guid(2b04365626996284aad48bdb88e20f1e) Importer(815301076,1909f56bfc062723c751e8b465ee728b)  -> (artifact id: '932e1a998051dd13f3f0d533ffc4e9d0') in 0.029604 seconds 
========================================================================
Received Prepare
Registering precompiled user dll's ...
Registered in 0.139493 seconds.
Begin MonoManager ReloadAssembly
Native extension for WindowsStandalone target not found
Refreshing native plugins compatible for Editor in 1.04 ms, found 2 plugins.
Preloading 0 native plugins for Editor in 0.00 ms.
Mono: successfully reloaded assembly
- Completed reload, in  4.775 seconds
Platform modules already initialized, skipping
Refreshing native plugins compatible for Editor in 1.56 ms, found 2 plugins.
Preloading 0 native plugins for Editor in 0.00 ms.
Unloading 3369 Unused Serialized files (Serialized files now loaded: 0)
System memory in use before: 133.7 MB.
System memory in use after: 133.8 MB.

Unloading 17 unused Assets to reduce memory usage. Loaded Objects now: 3926.
Total: 7.674100 ms (FindLiveObjects: 2.371400 ms CreateObjectMapping: 0.774400 ms MarkObjects: 4.282800 ms  DeleteObjects: 0.242600 ms)

========================================================================
Received Import Request.
  Time since last request: 2593.617344 seconds.
  path: Assets/Scripts/MoveEnemy.cs
  artifactKey: Guid(2b04365626996284aad48bdb88e20f1e) Importer(815301076,1909f56bfc062723c751e8b465ee728b)
Start importing Assets/Scripts/MoveEnemy.cs using Guid(2b04365626996284aad48bdb88e20f1e) Importer(815301076,1909f56bfc062723c751e8b465ee728b)  -> (artifact id: '154c511942385bd9d2fc888028649d11') in 0.013607 seconds 
========================================================================
Received Import Request.
  Time since last request: 0.000452 seconds.
  path: ProjectSettings/TagManager.asset
  artifactKey: Guid(00000000000000003000000000000000) Importer(815301076,1909f56bfc062723c751e8b465ee728b)
Start importing ProjectSettings/TagManager.asset using Guid(00000000000000003000000000000000) Importer(815301076,1909f56bfc062723c751e8b465ee728b)  -> (artifact id: '355cdfc333b5a33e5c2f5d26cd1a0967') in 0.026990 seconds 
========================================================================
Received Prepare
Registering precompiled user dll's ...
Registered in 0.045930 seconds.
Begin MonoManager ReloadAssembly
Native extension for WindowsStandalone target not found
Refreshing native plugins compatible for Editor in 1.88 ms, found 2 plugins.
Preloading 0 native plugins for Editor in 0.00 ms.
Mono: successfully reloaded assembly
- Completed reload, in  4.633 seconds
Platform modules already initialized, skipping
Refreshing native plugins compatible for Editor in 1.08 ms, found 2 plugins.
Preloading 0 native plugins for Editor in 0.00 ms.
Unloading 3369 Unused Serialized files (Serialized files now loaded: 0)
System memory in use before: 133.7 MB.
System memory in use after: 133.8 MB.

Unloading 18 unused Assets to reduce memory usage. Loaded Objects now: 3930.
Total: 7.979500 ms (FindLiveObjects: 0.456000 ms CreateObjectMapping: 0.380900 ms MarkObjects: 6.893200 ms  DeleteObjects: 0.246500 ms)

========================================================================
Received Import Request.
  Time since last request: 543.349189 seconds.
  path: Assets/Scripts/Enemy.prefab
  artifactKey: Guid(d97aad9daac9d394a86ef3b2d88fdaf5) Importer(815301076,1909f56bfc062723c751e8b465ee728b)
Start importing Assets/Scripts/Enemy.prefab using Guid(d97aad9daac9d394a86ef3b2d88fdaf5) Importer(815301076,1909f56bfc062723c751e8b465ee728b)  -> (artifact id: '356efad064713e39621f59c1d9bc3d30') in 0.340794 seconds 
========================================================================
Received Import Request.
  Time since last request: 13.166915 seconds.
  path: Assets/Enemy.prefab
  artifactKey: Guid(11e6193851e369e49bffa05f9a2deca3) Importer(815301076,1909f56bfc062723c751e8b465ee728b)
Start importing Assets/Enemy.prefab using Guid(11e6193851e369e49bffa05f9a2deca3) Importer(815301076,1909f56bfc062723c751e8b465ee728b)  -> (artifact id: '463a15da66ebaf4f129867175efaa43e') in 0.043613 seconds 
========================================================================
Received Prepare
Registering precompiled user dll's ...
Registered in 0.098589 seconds.
Begin MonoManager ReloadAssembly
Native extension for WindowsStandalone target not found
Refreshing native plugins compatible for Editor in 1.05 ms, found 2 plugins.
Preloading 0 native plugins for Editor in 0.00 ms.
Mono: successfully reloaded assembly
- Completed reload, in  4.606 seconds
Platform modules already initialized, skipping
Refreshing native plugins compatible for Editor in 1.07 ms, found 2 plugins.
Preloading 0 native plugins for Editor in 0.00 ms.
Unloading 3369 Unused Serialized files (Serialized files now loaded: 0)
System memory in use before: 133.7 MB.
System memory in use after: 133.8 MB.

Unloading 17 unused Assets to reduce memory usage. Loaded Objects now: 3935.
Total: 4.604400 ms (FindLiveObjects: 0.382200 ms CreateObjectMapping: 0.353800 ms MarkObjects: 3.702800 ms  DeleteObjects: 0.162400 ms)

========================================================================
Received Import Request.
  Time since last request: 1277.913399 seconds.
  path: Assets/Enemy.prefab
  artifactKey: Guid(11e6193851e369e49bffa05f9a2deca3) Importer(815301076,1909f56bfc062723c751e8b465ee728b)
Start importing Assets/Enemy.prefab using Guid(11e6193851e369e49bffa05f9a2deca3) Importer(815301076,1909f56bfc062723c751e8b465ee728b)  -> (artifact id: 'e7910796bd2b53740239b21fb76de69c') in 0.221968 seconds 
========================================================================
Received Import Request.
  Time since last request: 66.013829 seconds.
  path: Assets/Enemy.prefab
  artifactKey: Guid(11e6193851e369e49bffa05f9a2deca3) Importer(815301076,1909f56bfc062723c751e8b465ee728b)
Start importing Assets/Enemy.prefab using Guid(11e6193851e369e49bffa05f9a2deca3) Importer(815301076,1909f56bfc062723c751e8b465ee728b)  -> (artifact id: '5c7f486b170eb71f4d23bf0d66bbada8') in 0.076736 seconds 
========================================================================
Received Prepare
Registering precompiled user dll's ...
Registered in 0.006851 seconds.
Begin MonoManager ReloadAssembly
Native extension for WindowsStandalone target not found
Refreshing native plugins compatible for Editor in 1.82 ms, found 2 plugins.
Preloading 0 native plugins for Editor in 0.00 ms.
Mono: successfully reloaded assembly
- Completed reload, in  3.894 seconds
Platform modules already initialized, skipping
Refreshing native plugins compatible for Editor in 1.05 ms, found 2 plugins.
Preloading 0 native plugins for Editor in 0.00 ms.
Unloading 3369 Unused Serialized files (Serialized files now loaded: 0)
System memory in use before: 133.7 MB.
System memory in use after: 133.8 MB.

Unloading 17 unused Assets to reduce memory usage. Loaded Objects now: 3940.
Total: 343.826300 ms (FindLiveObjects: 2.833000 ms CreateObjectMapping: 0.970600 ms MarkObjects: 339.786000 ms  DeleteObjects: 0.231800 ms)

========================================================================
Received Prepare
Registering precompiled user dll's ...
Registered in 0.007232 seconds.
Begin MonoManager ReloadAssembly
Native extension for WindowsStandalone target not found
Refreshing native plugins compatible for Editor in 1.05 ms, found 2 plugins.
Preloading 0 native plugins for Editor in 0.00 ms.
Mono: successfully reloaded assembly
- Completed reload, in  3.691 seconds
Platform modules already initialized, skipping
Refreshing native plugins compatible for Editor in 1.21 ms, found 2 plugins.
Preloading 0 native plugins for Editor in 0.00 ms.
Unloading 3369 Unused Serialized files (Serialized files now loaded: 0)
System memory in use before: 133.7 MB.
System memory in use after: 133.8 MB.

Unloading 17 unused Assets to reduce memory usage. Loaded Objects now: 3944.
Total: 5.029100 ms (FindLiveObjects: 0.486800 ms CreateObjectMapping: 0.551200 ms MarkObjects: 3.811300 ms  DeleteObjects: 0.175800 ms)

========================================================================
Received Prepare
Registering precompiled user dll's ...
Registered in 0.012468 seconds.
Begin MonoManager ReloadAssembly
Native extension for WindowsStandalone target not found
Refreshing native plugins compatible for Editor in 1.58 ms, found 2 plugins.
Preloading 0 native plugins for Editor in 0.00 ms.
Mono: successfully reloaded assembly
- Completed reload, in  3.370 seconds
Platform modules already initialized, skipping
Refreshing native plugins compatible for Editor in 1.08 ms, found 2 plugins.
Preloading 0 native plugins for Editor in 0.00 ms.
Unloading 3369 Unused Serialized files (Serialized files now loaded: 0)
System memory in use before: 133.8 MB.
System memory in use after: 133.9 MB.

Unloading 17 unused Assets to reduce memory usage. Loaded Objects now: 3948.
Total: 7.509000 ms (FindLiveObjects: 0.418400 ms CreateObjectMapping: 0.356200 ms MarkObjects: 6.558000 ms  DeleteObjects: 0.173300 ms)

========================================================================
Received Prepare
Registering precompiled user dll's ...
Registered in 0.006540 seconds.
Begin MonoManager ReloadAssembly
Native extension for WindowsStandalone target not found
Refreshing native plugins compatible for Editor in 1.11 ms, found 2 plugins.
Preloading 0 native plugins for Editor in 0.00 ms.
Mono: successfully reloaded assembly
- Completed reload, in  3.426 seconds
Platform modules already initialized, skipping
Refreshing native plugins compatible for Editor in 1.57 ms, found 2 plugins.
Preloading 0 native plugins for Editor in 0.00 ms.
Unloading 3369 Unused Serialized files (Serialized files now loaded: 0)
System memory in use before: 133.8 MB.
System memory in use after: 133.9 MB.

Unloading 17 unused Assets to reduce memory usage. Loaded Objects now: 3952.
Total: 4.816600 ms (FindLiveObjects: 0.427200 ms CreateObjectMapping: 0.347000 ms MarkObjects: 3.874100 ms  DeleteObjects: 0.165800 ms)

========================================================================
Received Import Request.
  Time since last request: 292.423753 seconds.
  path: Assets/Scripts/Spawn.cs
  artifactKey: Guid(fa1b42cb789f2b44ea37f5e0154330aa) Importer(815301076,1909f56bfc062723c751e8b465ee728b)
Start importing Assets/Scripts/Spawn.cs using Guid(fa1b42cb789f2b44ea37f5e0154330aa) Importer(815301076,1909f56bfc062723c751e8b465ee728b)  -> (artifact id: 'ab52bc1a363ebf18e31b4ebc95bdc610') in 0.042139 seconds 
========================================================================
Received Import Request.
  Time since last request: 5.427816 seconds.
  path: Assets/Scripts/Jump.cs
  artifactKey: Guid(e4915cf08eec2e741a2a5154394923a4) Importer(815301076,1909f56bfc062723c751e8b465ee728b)
Start importing Assets/Scripts/Jump.cs using Guid(e4915cf08eec2e741a2a5154394923a4) Importer(815301076,1909f56bfc062723c751e8b465ee728b)  -> (artifact id: '8aecc2c0a734e82128aaae58291bf026') in 0.021565 seconds 
========================================================================
Received Prepare
Registering precompiled user dll's ...
Registered in 0.311295 seconds.
Begin MonoManager ReloadAssembly
Native extension for WindowsStandalone target not found
Refreshing native plugins compatible for Editor in 1.14 ms, found 2 plugins.
Preloading 0 native plugins for Editor in 0.00 ms.
Mono: successfully reloaded assembly
- Completed reload, in  6.348 seconds
Platform modules already initialized, skipping
Refreshing native plugins compatible for Editor in 2.03 ms, found 2 plugins.
Preloading 0 native plugins for Editor in 0.00 ms.
Unloading 3369 Unused Serialized files (Serialized files now loaded: 0)
System memory in use before: 133.8 MB.
System memory in use after: 133.9 MB.

Unloading 17 unused Assets to reduce memory usage. Loaded Objects now: 3956.
Total: 15.452200 ms (FindLiveObjects: 0.726300 ms CreateObjectMapping: 0.479800 ms MarkObjects: 13.938000 ms  DeleteObjects: 0.305400 ms)

========================================================================
Received Import Request.
  Time since last request: 82084.629193 seconds.
  path: Assets/Enemy.prefab
  artifactKey: Guid(11e6193851e369e49bffa05f9a2deca3) Importer(815301076,1909f56bfc062723c751e8b465ee728b)
Start importing Assets/Enemy.prefab using Guid(11e6193851e369e49bffa05f9a2deca3) Importer(815301076,1909f56bfc062723c751e8b465ee728b)  -> (artifact id: '02e8f7f149205de84f380f384097e517') in 0.577710 seconds 
========================================================================
Received Import Request.
  Time since last request: 5.954974 seconds.
  path: Assets/Enemy.prefab
  artifactKey: Guid(11e6193851e369e49bffa05f9a2deca3) Importer(815301076,1909f56bfc062723c751e8b465ee728b)
Start importing Assets/Enemy.prefab using Guid(11e6193851e369e49bffa05f9a2deca3) Importer(815301076,1909f56bfc062723c751e8b465ee728b)  -> (artifact id: 'eabfea86023f11b6a964d91af7ba5cd1') in 0.035709 seconds 
========================================================================
Received Prepare
Registering precompiled user dll's ...
Registered in 0.105236 seconds.
Begin MonoManager ReloadAssembly
Native extension for WindowsStandalone target not found
Refreshing native plugins compatible for Editor in 1.57 ms, found 2 plugins.
Preloading 0 native plugins for Editor in 0.00 ms.
Mono: successfully reloaded assembly
- Completed reload, in 12.009 seconds
Platform modules already initialized, skipping
Refreshing native plugins compatible for Editor in 1.08 ms, found 2 plugins.
Preloading 0 native plugins for Editor in 0.00 ms.
Unloading 3369 Unused Serialized files (Serialized files now loaded: 0)
System memory in use before: 133.8 MB.
System memory in use after: 133.9 MB.

Unloading 17 unused Assets to reduce memory usage. Loaded Objects now: 3961.
Total: 23.623500 ms (FindLiveObjects: 6.525900 ms CreateObjectMapping: 10.689400 ms MarkObjects: 6.194000 ms  DeleteObjects: 0.210400 ms)

========================================================================
Received Prepare
Registering precompiled user dll's ...
Registered in 0.008145 seconds.
Begin MonoManager ReloadAssembly
Native extension for WindowsStandalone target not found
Refreshing native plugins compatible for Editor in 1.58 ms, found 2 plugins.
Preloading 0 native plugins for Editor in 0.00 ms.
Mono: successfully reloaded assembly
- Completed reload, in 12.435 seconds
Platform modules already initialized, skipping
Refreshing native plugins compatible for Editor in 229.27 ms, found 2 plugins.
Preloading 0 native plugins for Editor in 0.00 ms.
Unloading 3369 Unused Serialized files (Serialized files now loaded: 0)
System memory in use before: 133.8 MB.
System memory in use after: 133.9 MB.

Unloading 17 unused Assets to reduce memory usage. Loaded Objects now: 3965.
Total: 364.400700 ms (FindLiveObjects: 349.551200 ms CreateObjectMapping: 0.463300 ms MarkObjects: 14.176700 ms  DeleteObjects: 0.206000 ms)

========================================================================
Received Prepare
Registering precompiled user dll's ...
Registered in 0.010802 seconds.
Begin MonoManager ReloadAssembly
Native extension for WindowsStandalone target not found
Refreshing native plugins compatible for Editor in 1.18 ms, found 2 plugins.
Preloading 0 native plugins for Editor in 0.00 ms.
Mono: successfully reloaded assembly
- Completed reload, in 13.112 seconds
Platform modules already initialized, skipping
Refreshing native plugins compatible for Editor in 2.49 ms, found 2 plugins.
Preloading 0 native plugins for Editor in 0.00 ms.
Unloading 3369 Unused Serialized files (Serialized files now loaded: 0)
System memory in use before: 133.8 MB.
System memory in use after: 133.9 MB.

Unloading 17 unused Assets to reduce memory usage. Loaded Objects now: 3969.
Total: 11.942200 ms (FindLiveObjects: 0.528100 ms CreateObjectMapping: 0.471300 ms MarkObjects: 10.756800 ms  DeleteObjects: 0.183200 ms)

========================================================================
Received Import Request.
  Time since last request: 555.230222 seconds.
  path: Assets/Scripts/Jump.cs
  artifactKey: Guid(e4915cf08eec2e741a2a5154394923a4) Importer(815301076,1909f56bfc062723c751e8b465ee728b)
Start importing Assets/Scripts/Jump.cs using Guid(e4915cf08eec2e741a2a5154394923a4) Importer(815301076,1909f56bfc062723c751e8b465ee728b)  -> (artifact id: 'a8d159557882cebe88597df4b2d1b330') in 0.235134 seconds 
========================================================================
Received Import Request.
  Time since last request: 707.300853 seconds.
  path: Assets/Enemy.prefab
  artifactKey: Guid(11e6193851e369e49bffa05f9a2deca3) Importer(815301076,1909f56bfc062723c751e8b465ee728b)
Start importing Assets/Enemy.prefab using Guid(11e6193851e369e49bffa05f9a2deca3) Importer(815301076,1909f56bfc062723c751e8b465ee728b)  -> (artifact id: '8c6332fac1744ae85d35c7fc7ff1c137') in 0.358520 seconds 
========================================================================
Received Import Request.
  Time since last request: 20.501670 seconds.
  path: Assets/Enemy.prefab
  artifactKey: Guid(11e6193851e369e49bffa05f9a2deca3) Importer(815301076,1909f56bfc062723c751e8b465ee728b)
Start importing Assets/Enemy.prefab using Guid(11e6193851e369e49bffa05f9a2deca3) Importer(815301076,1909f56bfc062723c751e8b465ee728b)  -> (artifact id: '6c132c7711c775bf2e16406e59d41f7c') in 0.041366 seconds 
========================================================================
Received Import Request.
  Time since last request: 203.759237 seconds.
  path: ProjectSettings/TagManager.asset
  artifactKey: Guid(00000000000000003000000000000000) Importer(815301076,1909f56bfc062723c751e8b465ee728b)
Start importing ProjectSettings/TagManager.asset using Guid(00000000000000003000000000000000) Importer(815301076,1909f56bfc062723c751e8b465ee728b)  -> (artifact id: 'c4d11077e9b0a166d4a4bd8aa35f2f52') in 0.226459 seconds 
========================================================================
Received Prepare
Registering precompiled user dll's ...
Registered in 0.009115 seconds.
Begin MonoManager ReloadAssembly
Native extension for WindowsStandalone target not found
Refreshing native plugins compatible for Editor in 1.38 ms, found 2 plugins.
Preloading 0 native plugins for Editor in 0.00 ms.
Mono: successfully reloaded assembly
- Completed reload, in  6.083 seconds
Platform modules already initialized, skipping
Refreshing native plugins compatible for Editor in 1.65 ms, found 2 plugins.
Preloading 0 native plugins for Editor in 0.00 ms.
Unloading 3369 Unused Serialized files (Serialized files now loaded: 0)
System memory in use before: 133.8 MB.
System memory in use after: 133.9 MB.

Unloading 18 unused Assets to reduce memory usage. Loaded Objects now: 3974.
Total: 14.706500 ms (FindLiveObjects: 0.519600 ms CreateObjectMapping: 0.466600 ms MarkObjects: 13.485900 ms  DeleteObjects: 0.231100 ms)

========================================================================
Received Import Request.
  Time since last request: 488.707196 seconds.
  path: Assets/2DBirds_Pack3/Prefabs/Bird1
  artifactKey: Guid(19935474c9a2d9c479bfe753c652802c) Importer(815301076,1909f56bfc062723c751e8b465ee728b)
Start importing Assets/2DBirds_Pack3/Prefabs/Bird1 using Guid(19935474c9a2d9c479bfe753c652802c) Importer(815301076,1909f56bfc062723c751e8b465ee728b)  -> (artifact id: '969930f9cc30a9a98483e0246b33c870') in 0.747334 seconds 
========================================================================
Received Import Request.
  Time since last request: 0.000529 seconds.
  path: Assets/2DBirds_Pack3/Prefabs/Bird1/B1 Red Sheet_0.prefab
  artifactKey: Guid(a23feaf1d7a3acb449af59db52c27e97) Importer(815301076,1909f56bfc062723c751e8b465ee728b)
Start importing Assets/2DBirds_Pack3/Prefabs/Bird1/B1 Red Sheet_0.prefab using Guid(a23feaf1d7a3acb449af59db52c27e97) Importer(815301076,1909f56bfc062723c751e8b465ee728b)  -> (artifact id: '6397f5ad96729d374d38c8a7c4a2d356') in 12.320394 seconds 
========================================================================
Received Import Request.
  Time since last request: 0.000543 seconds.
  path: Assets/2DBirds_Pack3/Prefabs/Bird1/Bird1 Blue_0.prefab
  artifactKey: Guid(b10e2fec0878b9d478768d2325764f00) Importer(815301076,1909f56bfc062723c751e8b465ee728b)
Start importing Assets/2DBirds_Pack3/Prefabs/Bird1/Bird1 Blue_0.prefab using Guid(b10e2fec0878b9d478768d2325764f00) Importer(815301076,1909f56bfc062723c751e8b465ee728b)  -> (artifact id: 'c29f53786eb52545e6b2a27da4c66da8') in 1.975091 seconds 
========================================================================
Received Import Request.
  Time since last request: 0.185393 seconds.
  path: Assets/2DBirds_Pack3/Prefabs/Bird1/Bird 1 Pink_0.prefab
  artifactKey: Guid(f16f6a210440df44e87687a72d5825c9) Importer(815301076,1909f56bfc062723c751e8b465ee728b)
Start importing Assets/2DBirds_Pack3/Prefabs/Bird1/Bird 1 Pink_0.prefab using Guid(f16f6a210440df44e87687a72d5825c9) Importer(815301076,1909f56bfc062723c751e8b465ee728b)  -> (artifact id: '2268d3913f4cae22d387223d8741487c') in 2.939482 seconds 
========================================================================
Received Import Request.
  Time since last request: 9.580885 seconds.
  path: Assets/2DBirds_Pack3/Spritesheets/Bird3
  artifactKey: Guid(409aca968c0473644b354299b4246b4e) Importer(815301076,1909f56bfc062723c751e8b465ee728b)
Start importing Assets/2DBirds_Pack3/Spritesheets/Bird3 using Guid(409aca968c0473644b354299b4246b4e) Importer(815301076,1909f56bfc062723c751e8b465ee728b)  -> (artifact id: '185f8c982622db5aed2446fa46e74a48') in 0.104190 seconds 
========================================================================
Received Import Request.
  Time since last request: 0.000520 seconds.
  path: Assets/2DBirds_Pack3/Spritesheets/Bird3/Birds2 Blue.png
  artifactKey: Guid(328fcb006ac044c43ad3fe8a5b514c9f) Importer(815301076,1909f56bfc062723c751e8b465ee728b)
Start importing Assets/2DBirds_Pack3/Spritesheets/Bird3/Birds2 Blue.png using Guid(328fcb006ac044c43ad3fe8a5b514c9f) Importer(815301076,1909f56bfc062723c751e8b465ee728b)  -> (artifact id: 'c6429152f690cf68b8387fe2f23e8b6d') in 5.341694 seconds 
========================================================================
Received Import Request.
  Time since last request: 0.000519 seconds.
  path: Assets/2DBirds_Pack3/Scenes
  artifactKey: Guid(0ee28f1e099a752469f18264dd948d93) Importer(815301076,1909f56bfc062723c751e8b465ee728b)
Start importing Assets/2DBirds_Pack3/Scenes using Guid(0ee28f1e099a752469f18264dd948d93) Importer(815301076,1909f56bfc062723c751e8b465ee728b)  -> (artifact id: 'bf97cdeb04d2e81394a377ec0ad4fcd2') in 0.043458 seconds 
========================================================================
Received Import Request.
  Time since last request: 0.000653 seconds.
  path: Assets/2DBirds_Pack3/Spritesheets/Bird3/B3 Orange.png
  artifactKey: Guid(6ac408124b4fe5f49ac61db2bf90a89f) Importer(815301076,1909f56bfc062723c751e8b465ee728b)
Start importing Assets/2DBirds_Pack3/Spritesheets/Bird3/B3 Orange.png using Guid(6ac408124b4fe5f49ac61db2bf90a89f) Importer(815301076,1909f56bfc062723c751e8b465ee728b)  -> (artifact id: '2b8b078f574217d24eb9948f1c1d2ff5') in 1.200982 seconds 
========================================================================
Received Import Request.
  Time since last request: 0.001242 seconds.
  path: Assets/2DBirds_Pack3/Spritesheets/Bird3/B2 Red.png
  artifactKey: Guid(826cca8098ba67444800308fae791ca3) Importer(815301076,1909f56bfc062723c751e8b465ee728b)
Start importing Assets/2DBirds_Pack3/Spritesheets/Bird3/B2 Red.png using Guid(826cca8098ba67444800308fae791ca3) Importer(815301076,1909f56bfc062723c751e8b465ee728b)  -> (artifact id: '262ce526530ddde1da1db2b36134c258') in 3.838501 seconds 
========================================================================
Received Import Request.
  Time since last request: 4.373125 seconds.
  path: Assets/2DBirds_Pack3/Animations/Bird5
  artifactKey: Guid(aab952b58fa4b644faa18c35731ebc5b) Importer(815301076,1909f56bfc062723c751e8b465ee728b)
Start importing Assets/2DBirds_Pack3/Animations/Bird5 using Guid(aab952b58fa4b644faa18c35731ebc5b) Importer(815301076,1909f56bfc062723c751e8b465ee728b)  -> (artifact id: '0f05fd19e9889c7acdd16663f7a64159') in 0.147516 seconds 
========================================================================
Received Import Request.
  Time since last request: 0.948794 seconds.
  path: Assets/2DBirds_Pack3/Animations/Bird5/Bird5 Black.anim
  artifactKey: Guid(e3d5b944263b31f40898ba8fae957beb) Importer(815301076,1909f56bfc062723c751e8b465ee728b)
Start importing Assets/2DBirds_Pack3/Animations/Bird5/Bird5 Black.anim using Guid(e3d5b944263b31f40898ba8fae957beb) Importer(815301076,1909f56bfc062723c751e8b465ee728b)  -> (artifact id: '6502deddf05ba1f142670816ac7d2229') in 0.434225 seconds 
========================================================================
Received Import Request.
  Time since last request: 3.690445 seconds.
  path: Assets/2DBirds_Pack3/Animations/Bird5/Bird 5 Pink_0.controller
  artifactKey: Guid(f776f023d122c1548b7a8ec4be545a39) Importer(815301076,1909f56bfc062723c751e8b465ee728b)
Start importing Assets/2DBirds_Pack3/Animations/Bird5/Bird 5 Pink_0.controller using Guid(f776f023d122c1548b7a8ec4be545a39) Importer(815301076,1909f56bfc062723c751e8b465ee728b)  -> (artifact id: '81a563d9cc4f2b7af647def18b8c9c92') in 0.065296 seconds 
========================================================================
Received Import Request.
  Time since last request: 1.533121 seconds.
  path: Assets/2DBirds_Pack3/Animations/Bird5/Bird 5 Green_0.controller
  artifactKey: Guid(b1f90dc78ea353f4996ecb6684ff9a2a) Importer(815301076,1909f56bfc062723c751e8b465ee728b)
Start importing Assets/2DBirds_Pack3/Animations/Bird5/Bird 5 Green_0.controller using Guid(b1f90dc78ea353f4996ecb6684ff9a2a) Importer(815301076,1909f56bfc062723c751e8b465ee728b)  -> (artifact id: '86c469230b264743b73548762a2cc0c1') in 0.190979 seconds 
========================================================================
Received Import Request.
  Time since last request: 1.867665 seconds.
  path: Assets/2DBirds_Pack3/Animations/Bird5/Bird 5 Black_0.controller
  artifactKey: Guid(3370af6ea5df4c64690d1c0525dc9ccd) Importer(815301076,1909f56bfc062723c751e8b465ee728b)
Start importing Assets/2DBirds_Pack3/Animations/Bird5/Bird 5 Black_0.controller using Guid(3370af6ea5df4c64690d1c0525dc9ccd) Importer(815301076,1909f56bfc062723c751e8b465ee728b)  -> (artifact id: '56f7d210519d2f1a181ac3df09a414a1') in 0.020275 seconds 
========================================================================
Received Import Request.
  Time since last request: 9.139211 seconds.
  path: Assets/2D Speed Snail/Assets/Scenes/Example
  artifactKey: Guid(df34becab0689d745a806895beb1092c) Importer(815301076,1909f56bfc062723c751e8b465ee728b)
Start importing Assets/2D Speed Snail/Assets/Scenes/Example using Guid(df34becab0689d745a806895beb1092c) Importer(815301076,1909f56bfc062723c751e8b465ee728b)  -> (artifact id: '202b4cb6c4ca4d307934b9efa6ae31e6') in 0.080702 seconds 
========================================================================
Received Import Request.
  Time since last request: 0.262740 seconds.
  path: Assets/2D Speed Snail/Assets/Scenes/Example/Gras_0001.png
  artifactKey: Guid(87a723b1c2778354fa21863384ed17ee) Importer(815301076,1909f56bfc062723c751e8b465ee728b)
Start importing Assets/2D Speed Snail/Assets/Scenes/Example/Gras_0001.png using Guid(87a723b1c2778354fa21863384ed17ee) Importer(815301076,1909f56bfc062723c751e8b465ee728b)  -> (artifact id: '181e708d673f1990b3608c3ecf7151b9') in 0.340667 seconds 
========================================================================
Received Import Request.
  Time since last request: 0.000583 seconds.
  path: Assets/2D Speed Snail/Assets/Scenes/Example/Mushroom_0000.png
  artifactKey: Guid(71b0840ee8bfdc54dbb5fd14b7d07fc6) Importer(815301076,1909f56bfc062723c751e8b465ee728b)
Start importing Assets/2D Speed Snail/Assets/Scenes/Example/Mushroom_0000.png using Guid(71b0840ee8bfdc54dbb5fd14b7d07fc6) Importer(815301076,1909f56bfc062723c751e8b465ee728b)  -> (artifact id: 'bf791400f267a27b1f59db3115e7a822') in 0.133044 seconds 
========================================================================
Received Import Request.
  Time since last request: 0.000705 seconds.
  path: Assets/2D Speed Snail/Assets/Scenes/Example/Ground_9Slice_0000.png
  artifactKey: Guid(747e9d761db5cc74da99113921c25ef7) Importer(815301076,1909f56bfc062723c751e8b465ee728b)
Start importing Assets/2D Speed Snail/Assets/Scenes/Example/Ground_9Slice_0000.png using Guid(747e9d761db5cc74da99113921c25ef7) Importer(815301076,1909f56bfc062723c751e8b465ee728b)  -> (artifact id: 'd3198a44e2d73dd2a6849ea3917cda6f') in 0.268995 seconds 
========================================================================
Received Import Request.
  Time since last request: 0.000532 seconds.
  path: Assets/2D Speed Snail/Assets/Scenes/Example/Gras_0002.png
  artifactKey: Guid(caadc99d6e4e6b444b1f20aabe85693f) Importer(815301076,1909f56bfc062723c751e8b465ee728b)
Start importing Assets/2D Speed Snail/Assets/Scenes/Example/Gras_0002.png using Guid(caadc99d6e4e6b444b1f20aabe85693f) Importer(815301076,1909f56bfc062723c751e8b465ee728b)  -> (artifact id: 'c8326c11325f58ea53e834b3b233f149') in 0.301892 seconds 
========================================================================
Received Import Request.
  Time since last request: 0.179174 seconds.
  path: Assets/2D Speed Snail/Assets/Scenes/Example/Cloud_0000.png
  artifactKey: Guid(6bf205547d8197947b2f411f7a77fa43) Importer(815301076,1909f56bfc062723c751e8b465ee728b)
Start importing Assets/2D Speed Snail/Assets/Scenes/Example/Cloud_0000.png using Guid(6bf205547d8197947b2f411f7a77fa43) Importer(815301076,1909f56bfc062723c751e8b465ee728b)  -> (artifact id: '63e3d3b1618af7c29041ed28bf5bf10a') in 0.265012 seconds 
========================================================================
Received Import Request.
  Time since last request: 1.315127 seconds.
  path: Assets/2D Speed Snail/Assets/Scenes/Example/Rocket
  artifactKey: Guid(b70599d68deb35b48b54bac259612574) Importer(815301076,1909f56bfc062723c751e8b465ee728b)
Start importing Assets/2D Speed Snail/Assets/Scenes/Example/Rocket using Guid(b70599d68deb35b48b54bac259612574) Importer(815301076,1909f56bfc062723c751e8b465ee728b)  -> (artifact id: '43008a079fb9840d6238f80bed480f8f') in 0.031990 seconds 
========================================================================
Received Import Request.
  Time since last request: 0.014603 seconds.
  path: Assets/2D Speed Snail/Assets/Scenes/Example/Rocket/Rocket_0020.png
  artifactKey: Guid(db5ea76429eae0c47992c9eb624fda3a) Importer(815301076,1909f56bfc062723c751e8b465ee728b)
Start importing Assets/2D Speed Snail/Assets/Scenes/Example/Rocket/Rocket_0020.png using Guid(db5ea76429eae0c47992c9eb624fda3a) Importer(815301076,1909f56bfc062723c751e8b465ee728b)  -> (artifact id: '4aa0d98455d307d9de787b8d17210cf9') in 0.216241 seconds 
========================================================================
Received Import Request.
  Time since last request: 0.000512 seconds.
  path: Assets/2D Speed Snail/Assets/Scenes/Example/Rocket/Rocket_0030.png
  artifactKey: Guid(e06e149dc9c70594a9581e97f0282b17) Importer(815301076,1909f56bfc062723c751e8b465ee728b)
Start importing Assets/2D Speed Snail/Assets/Scenes/Example/Rocket/Rocket_0030.png using Guid(e06e149dc9c70594a9581e97f0282b17) Importer(815301076,1909f56bfc062723c751e8b465ee728b)  -> (artifact id: '1a33c5957a34f56705290d7769f23839') in 0.397157 seconds 
========================================================================
Received Import Request.
  Time since last request: 0.145003 seconds.
  path: Assets/2D Speed Snail/Assets/Scenes/Example/Rocket/Rocket_0000.png
  artifactKey: Guid(2b3c9575f217b4c4ca03a198e59e68e5) Importer(815301076,1909f56bfc062723c751e8b465ee728b)
Start importing Assets/2D Speed Snail/Assets/Scenes/Example/Rocket/Rocket_0000.png using Guid(2b3c9575f217b4c4ca03a198e59e68e5) Importer(815301076,1909f56bfc062723c751e8b465ee728b)  -> (artifact id: '49ab9172101844bb79dbcbcf4adfc217') in 0.344271 seconds 
========================================================================
Received Import Request.
  Time since last request: 0.000685 seconds.
  path: Assets/2D Speed Snail/Assets/Scenes/Example/Rocket/Rocket_0010.png
  artifactKey: Guid(1982acb71ad293040b21380353e677b7) Importer(815301076,1909f56bfc062723c751e8b465ee728b)
Start importing Assets/2D Speed Snail/Assets/Scenes/Example/Rocket/Rocket_0010.png using Guid(1982acb71ad293040b21380353e677b7) Importer(815301076,1909f56bfc062723c751e8b465ee728b)  -> (artifact id: '403f3c3ffea5f6d117fae730b909831e') in 1.169575 seconds 
========================================================================
Received Import Request.
  Time since last request: 0.000519 seconds.
  path: Assets/2D Speed Snail/Assets/Scenes/Example/Rocket/Rocket_0040.png
  artifactKey: Guid(6cd29207ae66dac47af135e6a7cc89c7) Importer(815301076,1909f56bfc062723c751e8b465ee728b)
Start importing Assets/2D Speed Snail/Assets/Scenes/Example/Rocket/Rocket_0040.png using Guid(6cd29207ae66dac47af135e6a7cc89c7) Importer(815301076,1909f56bfc062723c751e8b465ee728b)  -> (artifact id: '3a10f5f80616c65a1c24f6a414f9db91') in 0.083135 seconds 
========================================================================
Received Import Request.
  Time since last request: 0.001670 seconds.
  path: Assets/2D Speed Snail/Assets/Scenes/Example/Rocket/Rocket_0050.png
  artifactKey: Guid(6359e0c6f0100d346bfe07c3d6bf1aec) Importer(815301076,1909f56bfc062723c751e8b465ee728b)
Start importing Assets/2D Speed Snail/Assets/Scenes/Example/Rocket/Rocket_0050.png using Guid(6359e0c6f0100d346bfe07c3d6bf1aec) Importer(815301076,1909f56bfc062723c751e8b465ee728b)  -> (artifact id: '66101d5136b2bcb42bb6fec2408bfde4') in 5.573481 seconds 
========================================================================
Received Import Request.
  Time since last request: 32.266241 seconds.
  path: Assets/2D Speed Snail/Assets/Scenes/Example/Anim
  artifactKey: Guid(4af86791b28f4fa4eaf72a0880484548) Importer(815301076,1909f56bfc062723c751e8b465ee728b)
Start importing Assets/2D Speed Snail/Assets/Scenes/Example/Anim using Guid(4af86791b28f4fa4eaf72a0880484548) Importer(815301076,1909f56bfc062723c751e8b465ee728b)  -> (artifact id: 'ab97bcefb26d3780fcd826622ab51e03') in 0.684526 seconds 
========================================================================
Received Import Request.
  Time since last request: 76.255312 seconds.
  path: Assets/Fly.anim
  artifactKey: Guid(3ec7d3e5d32672f42b83eb3e61dd6705) Importer(815301076,1909f56bfc062723c751e8b465ee728b)
Start importing Assets/Fly.anim using Guid(3ec7d3e5d32672f42b83eb3e61dd6705) Importer(815301076,1909f56bfc062723c751e8b465ee728b)  -> (artifact id: '292777e435ff288792f1a92673c6aeb2') in 0.026483 seconds 
========================================================================
Received Import Request.
  Time since last request: 1.367489 seconds.
  path: Assets/Player.controller
  artifactKey: Guid(89f7650d1dd44ec4a80d3ea32d29ac25) Importer(815301076,1909f56bfc062723c751e8b465ee728b)
Start importing Assets/Player.controller using Guid(89f7650d1dd44ec4a80d3ea32d29ac25) Importer(815301076,1909f56bfc062723c751e8b465ee728b)  -> (artifact id: 'b1f75a5f4286bfd8a2cd7454a27b4da5') in 0.017614 seconds 
