Using pre-set license
Built from '2021.1/staging' branch; Version is '2021.1.6f1 (c0fade0cc7e9) revision 12647134'; Using compiler version '192528614'; Build Type 'Release'
OS: 'Windows 10 Pro; OS build 19045.2486; Version 2009; 64bit' Language: 'ru' Physical Memory: 7805 MB
BatchMode: 1, IsHumanControllingUs: 0, StartBugReporterOnCrash: 0, Is64bit: 1, IsPro: 0

 COMMAND LINE ARGUMENTS:
C:\Program Files\Unity 2021.1.6f1\Editor\Unity.exe
-adb2
-batchMode
-noUpm
-name
AssetImportWorker6
-projectPath
G:/Учеба/C#/Unity задачи/Game2D
-logFile
Logs/AssetImportWorker6.log
-srvPort
54878
Successfully changed project path to: G:/Учеба/C#/Unity задачи/Game2D
G:/Учеба/C#/Unity задачи/Game2D
Using Asset Import Pipeline V2.
Refreshing native plugins compatible for Editor in 349.59 ms, found 2 plugins.
Preloading 0 native plugins for Editor in 0.00 ms.
Initialize engine version: 2021.1.6f1 (c0fade0cc7e9)
[Subsystems] Discovering subsystems at path C:/Program Files/Unity 2021.1.6f1/Editor/Data/Resources/UnitySubsystems
[Subsystems] Discovering subsystems at path G:/Учеба/C#/Unity задачи/Game2D/Assets
GfxDevice: creating device client; threaded=0; jobified=0
Direct3D:
    Version:  Direct3D 11.0 [level 11.0]
    Renderer: Intel(R) HD Graphics (ID=0x156)
    Vendor:   Intel
    VRAM:     128 MB
    Driver:   10.18.10.5161
Initialize mono
Mono path[0] = 'C:/Program Files/Unity 2021.1.6f1/Editor/Data/Managed'
Mono path[1] = 'C:/Program Files/Unity 2021.1.6f1/Editor/Data/MonoBleedingEdge/lib/mono/unityjit'
Mono config path = 'C:/Program Files/Unity 2021.1.6f1/Editor/Data/MonoBleedingEdge/etc'
Using monoOptions --debugger-agent=transport=dt_socket,embedding=1,server=y,suspend=n,address=127.0.0.1:56740
Begin MonoManager ReloadAssembly
Registering precompiled unity dll's ...
Register platform support module: C:/Program Files/Unity 2021.1.6f1/Editor/Data/PlaybackEngines/WindowsStandaloneSupport/UnityEditor.WindowsStandalone.Extensions.dll
Registered in 0.008130 seconds.
Native extension for WindowsStandalone target not found
Refreshing native plugins compatible for Editor in 286.21 ms, found 2 plugins.
Preloading 0 native plugins for Editor in 0.00 ms.
Mono: successfully reloaded assembly
- Completed reload, in  3.556 seconds
Platform modules already initialized, skipping
Registering precompiled user dll's ...
Registered in 0.015922 seconds.
Begin MonoManager ReloadAssembly
Native extension for WindowsStandalone target not found
Refreshing native plugins compatible for Editor in 281.40 ms, found 2 plugins.
Preloading 0 native plugins for Editor in 0.00 ms.
Mono: successfully reloaded assembly
- Completed reload, in  4.055 seconds
Platform modules already initialized, skipping
========================================================================
Worker process is ready to serve import requests
Launched and connected shader compiler UnityShaderCompiler.exe after 0.73 seconds
Refreshing native plugins compatible for Editor in 1.08 ms, found 2 plugins.
Preloading 0 native plugins for Editor in 0.00 ms.
Unloading 3374 Unused Serialized files (Serialized files now loaded: 0)
System memory in use before: 128.1 MB.
System memory in use after: 128.2 MB.

Unloading 29 unused Assets to reduce memory usage. Loaded Objects now: 3829.
Total: 7.308300 ms (FindLiveObjects: 0.382100 ms CreateObjectMapping: 0.377600 ms MarkObjects: 6.321900 ms  DeleteObjects: 0.223600 ms)

========================================================================
Received Prepare
Registering precompiled user dll's ...
Registered in 0.075720 seconds.
Begin MonoManager ReloadAssembly
Native extension for WindowsStandalone target not found
Refreshing native plugins compatible for Editor in 1.06 ms, found 2 plugins.
Preloading 0 native plugins for Editor in 0.00 ms.
Mono: successfully reloaded assembly
- Completed reload, in  2.401 seconds
Platform modules already initialized, skipping
Refreshing native plugins compatible for Editor in 2.34 ms, found 2 plugins.
Preloading 0 native plugins for Editor in 0.00 ms.
Unloading 3369 Unused Serialized files (Serialized files now loaded: 0)
System memory in use before: 128.1 MB.
System memory in use after: 128.2 MB.

Unloading 17 unused Assets to reduce memory usage. Loaded Objects now: 3833.
Total: 11.609900 ms (FindLiveObjects: 0.519700 ms CreateObjectMapping: 6.003600 ms MarkObjects: 4.894300 ms  DeleteObjects: 0.189100 ms)

========================================================================
Received Import Request.
  path: Assets/Fonts
  artifactKey: Guid(604f33d2cc4751647a8a6b58093fed7b) Importer(815301076,1909f56bfc062723c751e8b465ee728b)
Start importing Assets/Fonts using Guid(604f33d2cc4751647a8a6b58093fed7b) Importer(815301076,1909f56bfc062723c751e8b465ee728b)  -> (artifact id: '9e0a738aa8591e4d96dbfd0e75799940') in 0.047624 seconds 
========================================================================
Received Import Request.
  Time since last request: 0.000418 seconds.
  path: Assets/Fonts/JazzCreateBubble.ttf
  artifactKey: Guid(58b647c5b2ec4184e9a07a561cdf0644) Importer(815301076,1909f56bfc062723c751e8b465ee728b)
Start importing Assets/Fonts/JazzCreateBubble.ttf using Guid(58b647c5b2ec4184e9a07a561cdf0644) Importer(815301076,1909f56bfc062723c751e8b465ee728b)  -> (artifact id: 'f56d5ef1dec351818f4bb22d720d98eb') in 0.545645 seconds 
========================================================================
Received Import Request.
  Time since last request: 0.002495 seconds.
  path: Assets/Fonts/UIsprite
  artifactKey: Guid(649fd21005387924f928577cea7a3fae) Importer(815301076,1909f56bfc062723c751e8b465ee728b)
Start importing Assets/Fonts/UIsprite using Guid(649fd21005387924f928577cea7a3fae) Importer(815301076,1909f56bfc062723c751e8b465ee728b)  -> (artifact id: 'd5fed731bc316d508470d878409ae5ca') in 0.028761 seconds 
========================================================================
Received Import Request.
  Time since last request: 0.000643 seconds.
  path: Assets/Fonts/UIsprite/JazzCreateFontUI1024x512.png
  artifactKey: Guid(d61d12d2d79f7244e9f4de798743e099) Importer(815301076,1909f56bfc062723c751e8b465ee728b)
Start importing Assets/Fonts/UIsprite/JazzCreateFontUI1024x512.png using Guid(d61d12d2d79f7244e9f4de798743e099) Importer(815301076,1909f56bfc062723c751e8b465ee728b)  -> (artifact id: 'add2a03d8839598b6c15c200c8d0b2e9') in 0.256769 seconds 
========================================================================
Received Import Request.
  Time since last request: 1.355497 seconds.
  path: Assets/Fonts/Script
  artifactKey: Guid(9ea026a6282c34b4d9366aa4e30de9c9) Importer(815301076,1909f56bfc062723c751e8b465ee728b)
Start importing Assets/Fonts/Script using Guid(9ea026a6282c34b4d9366aa4e30de9c9) Importer(815301076,1909f56bfc062723c751e8b465ee728b)  -> (artifact id: '8a6e1b2f9a450f9283f553a643224fb6') in 0.030328 seconds 
========================================================================
Received Import Request.
  Time since last request: 281.247969 seconds.
  path: ProjectSettings/TagManager.asset
  artifactKey: Guid(00000000000000003000000000000000) Importer(815301076,1909f56bfc062723c751e8b465ee728b)
Start importing ProjectSettings/TagManager.asset using Guid(00000000000000003000000000000000) Importer(815301076,1909f56bfc062723c751e8b465ee728b)  -> (artifact id: '95df672b4aaba54310d34c83eef51bb8') in 0.120053 seconds 
========================================================================
Received Prepare
Registering precompiled user dll's ...
Registered in 0.082372 seconds.
Begin MonoManager ReloadAssembly
Native extension for WindowsStandalone target not found
Refreshing native plugins compatible for Editor in 1.15 ms, found 2 plugins.
Preloading 0 native plugins for Editor in 0.00 ms.
Mono: successfully reloaded assembly
- Completed reload, in  2.820 seconds
Platform modules already initialized, skipping
Script is not up to date after domain reload: guid(2b04365626996284aad48bdb88e20f1e) path("Assets/Scripts/MoveEnemy.cs") state(2)
Refreshing native plugins compatible for Editor in 11.10 ms, found 2 plugins.
Preloading 0 native plugins for Editor in 0.00 ms.
Unloading 3370 Unused Serialized files (Serialized files now loaded: 0)
System memory in use before: 133.7 MB.
System memory in use after: 133.8 MB.

Unloading 19 unused Assets to reduce memory usage. Loaded Objects now: 3913.
Total: 404.725000 ms (FindLiveObjects: 3.012900 ms CreateObjectMapping: 3.395700 ms MarkObjects: 398.069000 ms  DeleteObjects: 0.243400 ms)

========================================================================
Received Prepare
Registering precompiled user dll's ...
Registered in 0.009645 seconds.
Begin MonoManager ReloadAssembly
Native extension for WindowsStandalone target not found
Refreshing native plugins compatible for Editor in 2.08 ms, found 2 plugins.
Preloading 0 native plugins for Editor in 0.00 ms.
Mono: successfully reloaded assembly
- Completed reload, in 12.395 seconds
Platform modules already initialized, skipping
Refreshing native plugins compatible for Editor in 1.81 ms, found 2 plugins.
Preloading 0 native plugins for Editor in 0.00 ms.
Unloading 3369 Unused Serialized files (Serialized files now loaded: 0)
System memory in use before: 133.6 MB.
System memory in use after: 133.7 MB.

Unloading 17 unused Assets to reduce memory usage. Loaded Objects now: 3918.
Total: 6.521800 ms (FindLiveObjects: 0.401900 ms CreateObjectMapping: 0.605300 ms MarkObjects: 5.333500 ms  DeleteObjects: 0.178300 ms)

========================================================================
Received Import Request.
  Time since last request: 313.140437 seconds.
  path: Assets/Scripts/MoveEnemy.cs
  artifactKey: Guid(2b04365626996284aad48bdb88e20f1e) Importer(815301076,1909f56bfc062723c751e8b465ee728b)
Start importing Assets/Scripts/MoveEnemy.cs using Guid(2b04365626996284aad48bdb88e20f1e) Importer(815301076,1909f56bfc062723c751e8b465ee728b)  -> (artifact id: '00000000000000000000000000000000') in 0.019917 seconds  code(4) message(Build asset version error: assets/scripts/moveenemy.cs in SourceAssetDB has modification time of '2023-12-06T17:15:09.6232852Z' while content on disk has modification time of '2023-12-06T17:16:28.392255Z')
  ERROR: Build asset version error: assets/scripts/moveenemy.cs in SourceAssetDB has modification time of '2023-12-06T17:15:09.6232852Z' while content on disk has modification time of '2023-12-06T17:16:28.392255Z'
========================================================================
Received Prepare
Registering precompiled user dll's ...
Registered in 0.006568 seconds.
Begin MonoManager ReloadAssembly
Native extension for WindowsStandalone target not found
Refreshing native plugins compatible for Editor in 1.11 ms, found 2 plugins.
Preloading 0 native plugins for Editor in 0.00 ms.
Mono: successfully reloaded assembly
- Completed reload, in  4.664 seconds
Platform modules already initialized, skipping
Refreshing native plugins compatible for Editor in 1.12 ms, found 2 plugins.
Preloading 0 native plugins for Editor in 0.00 ms.
Unloading 3369 Unused Serialized files (Serialized files now loaded: 0)
System memory in use before: 133.7 MB.
System memory in use after: 133.8 MB.

Unloading 17 unused Assets to reduce memory usage. Loaded Objects now: 3922.
Total: 12.946100 ms (FindLiveObjects: 4.876600 ms CreateObjectMapping: 0.370300 ms MarkObjects: 7.496500 ms  DeleteObjects: 0.199100 ms)

========================================================================
Received Import Request.
  Time since last request: 48.782882 seconds.
  path: Assets/Scripts/MoveEnemy.cs
  artifactKey: Guid(2b04365626996284aad48bdb88e20f1e) Importer(815301076,1909f56bfc062723c751e8b465ee728b)
Start importing Assets/Scripts/MoveEnemy.cs using Guid(2b04365626996284aad48bdb88e20f1e) Importer(815301076,1909f56bfc062723c751e8b465ee728b)  -> (artifact id: '932e1a998051dd13f3f0d533ffc4e9d0') in 0.029604 seconds 
